2017-08-27 12:41:15,711 [1] INFO  EWorldServer.EWorldServerApp - 【OK】HandlerManager 初始化成功!
2017-08-27 12:41:15,770 [1] INFO  EWorldServer.EWorldServerApp - 【OK】DBManager初始化成功(db_eworld)
2017-08-27 12:41:15,772 [1] INFO  EWorldServer.EWorldServerApp - ---------------ServerList-----------------
2017-08-27 12:41:15,772 [1] INFO  EWorldServer.EWorldServerApp - 1=EWorldServer.net.c2s.C2SFetchCurrentServer

2017-08-27 12:41:15,772 [1] INFO  EWorldServer.EWorldServerApp - 2=EWorldServer.net.c2s.C2SFetchAllServer

2017-08-27 12:41:15,772 [1] INFO  EWorldServer.EWorldServerApp - ---------------Login-----------------
2017-08-27 12:41:15,772 [1] INFO  EWorldServer.EWorldServerApp - 1=EWorldServer.net.c2s.C2SUserLogin

2017-08-27 12:41:15,772 [1] INFO  EWorldServer.EWorldServerApp - 【SYS】游戏服务器启动运行中......
2017-08-27 12:41:15,773 [1] INFO  Photon.SocketServer.ApplicationBase - Application start: AppId=EWorldServer; AppPath=H:\CNWorkspace\github_weifengan\eWorldGameProject\EWorldGame_Release\Server\deploy\EWorldServer, Type=EWorldServer.EWorldServerApp 
2017-08-27 12:41:27,871 [11] INFO  EWorldServer.EWorldServerApp - 有新客户端连接127.0.0.1
2017-08-27 12:41:31,164 [10] INFO  EWorldServer.EWorldServerApp - 收到=Login,1
2017-08-27 12:41:31,179 [10] ERROR Photon.SocketServer.PeerBase - exception during handling of data.Peer:T:UserClient,ConnId:2,ip:127.0.0.1:7755, Data: F3-02-02-00-03-50-62-01-01-73-00-05-66-72-61-6E-6B-02-73-00-03-31-32-33,
Exception:System.IO.FileLoadException: 未能加载文件或程序集“NHibernate, Version=4.0.0.4000, Culture=neutral, PublicKeyToken=aa95f207798dfdb4”或它的某一个依赖项。找到的程序集清单定义与程序集引用不匹配。 (异常来自 HRESULT:0x80131040)
文件名:“NHibernate, Version=4.0.0.4000, Culture=neutral, PublicKeyToken=aa95f207798dfdb4”
   在 EWorldServer.db.DBManager.InitializeSessionFactory()
   在 EWorldServer.db.DBManager.get_SessionFactory() 位置 H:\CNWorkspace\github_weifengan\eWorldGameProject\Server\EWorldServer\db\DBManager.cs:行号 56
   在 EWorldServer.db.DBManager.OpenSession() 位置 H:\CNWorkspace\github_weifengan\eWorldGameProject\Server\EWorldServer\db\DBManager.cs:行号 64
   在 EWorldServer.db.action.AccountAction.CheckLogin(String name, String pwd) 位置 H:\CNWorkspace\github_weifengan\eWorldGameProject\Server\EWorldServer\db\action\AccountAction.cs:行号 39
   在 EWorldServer.net.c2s.C2SUserLogin.Parse(UserClient user, Byte moduleCode, Byte operationCode, OperationRequest operationRequest, SendParameters sendParameters) 位置 H:\CNWorkspace\github_weifengan\eWorldGameProject\Server\EWorldServer\net\c2s\C2SUserLogin.cs:行号 35
   在 EWorldServer.net.UserClient.OnOperationRequest(OperationRequest operationRequest, SendParameters sendParameters) 位置 H:\CNWorkspace\github_weifengan\eWorldGameProject\Server\EWorldServer\net\UserClient.cs:行号 34
   在 Photon.SocketServer.PeerBase.OnReceive(Byte[] data, SendParameters sendParameters)
   在 Photon.SocketServer.PeerBase.OnReceiveInternal(Byte[] data, SendParameters sendParameters, Int32 rtt, Int32 rttVariance, Int32 numFailures)

警告: 程序集绑定日志记录被关闭。
要启用程序集绑定失败日志记录，请将注册表值 [HKLM\Software\Microsoft\Fusion!EnableLog] (DWORD)设置为 1。
注意: 会有一些与程序集绑定失败日志记录关联的性能损失。
要关闭此功能，请移除注册表值 [HKLM\Software\Microsoft\Fusion!EnableLog]。

2017-08-27 12:41:33,891 [11] INFO  EWorldServer.EWorldServerApp - 用户掉线了(ClientDisconnect)
2017-08-27 12:43:49,455 [12] INFO  EWorldServer.EWorldServerApp - 有新客户端连接127.0.0.1
2017-08-27 12:43:52,000 [11] INFO  EWorldServer.EWorldServerApp - 收到=Login,1
2017-08-27 12:43:52,000 [11] ERROR Photon.SocketServer.PeerBase - exception during handling of data.Peer:T:UserClient,ConnId:3,ip:127.0.0.1:7816, Data: F3-02-02-00-03-50-62-01-01-73-00-05-66-72-61-6E-6B-02-73-00-03-31-32-33,
Exception:System.IO.FileLoadException: 未能加载文件或程序集“NHibernate, Version=4.0.0.4000, Culture=neutral, PublicKeyToken=aa95f207798dfdb4”或它的某一个依赖项。找到的程序集清单定义与程序集引用不匹配。 (异常来自 HRESULT:0x80131040)
文件名:“NHibernate, Version=4.0.0.4000, Culture=neutral, PublicKeyToken=aa95f207798dfdb4”
   在 EWorldServer.db.DBManager.InitializeSessionFactory()
   在 EWorldServer.db.DBManager.get_SessionFactory() 位置 H:\CNWorkspace\github_weifengan\eWorldGameProject\Server\EWorldServer\db\DBManager.cs:行号 56
   在 EWorldServer.db.DBManager.OpenSession() 位置 H:\CNWorkspace\github_weifengan\eWorldGameProject\Server\EWorldServer\db\DBManager.cs:行号 64
   在 EWorldServer.db.action.AccountAction.CheckLogin(String name, String pwd) 位置 H:\CNWorkspace\github_weifengan\eWorldGameProject\Server\EWorldServer\db\action\AccountAction.cs:行号 39
   在 EWorldServer.net.c2s.C2SUserLogin.Parse(UserClient user, Byte moduleCode, Byte operationCode, OperationRequest operationRequest, SendParameters sendParameters) 位置 H:\CNWorkspace\github_weifengan\eWorldGameProject\Server\EWorldServer\net\c2s\C2SUserLogin.cs:行号 35
   在 EWorldServer.net.UserClient.OnOperationRequest(OperationRequest operationRequest, SendParameters sendParameters) 位置 H:\CNWorkspace\github_weifengan\eWorldGameProject\Server\EWorldServer\net\UserClient.cs:行号 34
   在 Photon.SocketServer.PeerBase.OnReceive(Byte[] data, SendParameters sendParameters)
   在 Photon.SocketServer.PeerBase.OnReceiveInternal(Byte[] data, SendParameters sendParameters, Int32 rtt, Int32 rttVariance, Int32 numFailures)

警告: 程序集绑定日志记录被关闭。
要启用程序集绑定失败日志记录，请将注册表值 [HKLM\Software\Microsoft\Fusion!EnableLog] (DWORD)设置为 1。
注意: 会有一些与程序集绑定失败日志记录关联的性能损失。
要关闭此功能，请移除注册表值 [HKLM\Software\Microsoft\Fusion!EnableLog]。

2017-08-27 12:44:06,573 [11] INFO  EWorldServer.EWorldServerApp - 用户掉线了(ClientDisconnect)
2017-08-27 12:44:47,930 [14] INFO  EWorldServer.EWorldServerApp - 【OK】HandlerManager 初始化成功!
2017-08-27 12:44:47,986 [14] INFO  EWorldServer.EWorldServerApp - 【OK】DBManager初始化成功(db_eworld)
2017-08-27 12:44:47,987 [14] INFO  EWorldServer.EWorldServerApp - ---------------ServerList-----------------
2017-08-27 12:44:47,987 [14] INFO  EWorldServer.EWorldServerApp - 1=EWorldServer.net.c2s.C2SFetchCurrentServer

2017-08-27 12:44:47,987 [14] INFO  EWorldServer.EWorldServerApp - 2=EWorldServer.net.c2s.C2SFetchAllServer

2017-08-27 12:44:47,988 [14] INFO  EWorldServer.EWorldServerApp - ---------------Login-----------------
2017-08-27 12:44:47,988 [14] INFO  EWorldServer.EWorldServerApp - 1=EWorldServer.net.c2s.C2SUserLogin

2017-08-27 12:44:47,988 [14] INFO  EWorldServer.EWorldServerApp - 【SYS】游戏服务器启动运行中......
2017-08-27 12:44:47,989 [14] INFO  Photon.SocketServer.ApplicationBase - Application start: AppId=EWorldServer; AppPath=H:\CNWorkspace\github_weifengan\eWorldGameProject\EWorldGame_Release\Server\deploy\EWorldServer, Type=EWorldServer.EWorldServerApp 
2017-08-27 12:44:47,997 [14] INFO  Photon.SocketServer.ApplicationBase - Application is stopping: AppId=EWorldServer
2017-08-27 12:44:47,998 [14] INFO  EWorldServer.EWorldServerApp - 【SYS】服务器已经关闭.....
2017-08-27 12:44:47,998 [14] INFO  Photon.SocketServer.ApplicationBase - Application stop: AppId=EWorldServer
2017-08-27 12:44:51,852 [14] INFO  EWorldServer.EWorldServerApp - 【OK】HandlerManager 初始化成功!
2017-08-27 12:44:51,910 [14] INFO  EWorldServer.EWorldServerApp - 【OK】DBManager初始化成功(db_eworld)
2017-08-27 12:44:51,911 [14] INFO  EWorldServer.EWorldServerApp - ---------------ServerList-----------------
2017-08-27 12:44:51,911 [14] INFO  EWorldServer.EWorldServerApp - 1=EWorldServer.net.c2s.C2SFetchCurrentServer

2017-08-27 12:44:51,911 [14] INFO  EWorldServer.EWorldServerApp - 2=EWorldServer.net.c2s.C2SFetchAllServer

2017-08-27 12:44:51,912 [14] INFO  EWorldServer.EWorldServerApp - ---------------Login-----------------
2017-08-27 12:44:51,912 [14] INFO  EWorldServer.EWorldServerApp - 1=EWorldServer.net.c2s.C2SUserLogin

2017-08-27 12:44:51,912 [14] INFO  EWorldServer.EWorldServerApp - 【SYS】游戏服务器启动运行中......
2017-08-27 12:44:51,913 [14] INFO  Photon.SocketServer.ApplicationBase - Application start: AppId=EWorldServer; AppPath=H:\CNWorkspace\github_weifengan\eWorldGameProject\EWorldGame_Release\Server\deploy\EWorldServer, Type=EWorldServer.EWorldServerApp 
2017-08-27 12:44:51,921 [14] INFO  Photon.SocketServer.ApplicationBase - Application is stopping: AppId=EWorldServer
2017-08-27 12:44:51,922 [14] INFO  EWorldServer.EWorldServerApp - 【SYS】服务器已经关闭.....
2017-08-27 12:44:51,922 [14] INFO  Photon.SocketServer.ApplicationBase - Application stop: AppId=EWorldServer
2017-08-27 12:44:53,239 [14] INFO  EWorldServer.EWorldServerApp - 【OK】HandlerManager 初始化成功!
2017-08-27 12:44:53,294 [14] INFO  EWorldServer.EWorldServerApp - 【OK】DBManager初始化成功(db_eworld)
2017-08-27 12:44:53,295 [14] INFO  EWorldServer.EWorldServerApp - ---------------ServerList-----------------
2017-08-27 12:44:53,295 [14] INFO  EWorldServer.EWorldServerApp - 1=EWorldServer.net.c2s.C2SFetchCurrentServer

2017-08-27 12:44:53,295 [14] INFO  EWorldServer.EWorldServerApp - 2=EWorldServer.net.c2s.C2SFetchAllServer

2017-08-27 12:44:53,295 [14] INFO  EWorldServer.EWorldServerApp - ---------------Login-----------------
2017-08-27 12:44:53,296 [14] INFO  EWorldServer.EWorldServerApp - 1=EWorldServer.net.c2s.C2SUserLogin

2017-08-27 12:44:53,296 [14] INFO  EWorldServer.EWorldServerApp - 【SYS】游戏服务器启动运行中......
2017-08-27 12:44:53,297 [14] INFO  Photon.SocketServer.ApplicationBase - Application start: AppId=EWorldServer; AppPath=H:\CNWorkspace\github_weifengan\eWorldGameProject\EWorldGame_Release\Server\deploy\EWorldServer, Type=EWorldServer.EWorldServerApp 
2017-08-27 12:44:53,304 [14] INFO  Photon.SocketServer.ApplicationBase - Application is stopping: AppId=EWorldServer
2017-08-27 12:44:53,305 [14] INFO  EWorldServer.EWorldServerApp - 【SYS】服务器已经关闭.....
2017-08-27 12:44:53,306 [14] INFO  Photon.SocketServer.ApplicationBase - Application stop: AppId=EWorldServer
2017-08-27 12:44:56,177 [14] INFO  EWorldServer.EWorldServerApp - 【OK】HandlerManager 初始化成功!
2017-08-27 12:44:56,235 [14] ERROR Photon.SocketServer.ApplicationBase - System.TypeInitializationException: “EWorldServer.db.DBManager”的类型初始值设定项引发异常。 ---> System.IO.FileNotFoundException: 未能加载文件或程序集“NHibernate, Version=4.1.0.4000, Culture=neutral, PublicKeyToken=aa95f207798dfdb4”或它的某一个依赖项。系统找不到指定的文件。
   在 EWorldServer.db.DBManager..cctor()
   --- 内部异常堆栈跟踪的结尾 ---
   在 EWorldServer.db.DBManager.GetInstance()
   在 EWorldServer.Global.Init(ILogger logger, String appURL) 位置 H:\CNWorkspace\github_weifengan\eWorldGameProject\Server\EWorldServer\Global.cs:行号 30
   在 EWorldServer.EWorldServerApp.Setup() 位置 H:\CNWorkspace\github_weifengan\eWorldGameProject\Server\EWorldServer\EWorldServerApp.cs:行号 40
   在 Photon.SocketServer.ApplicationBase.PhotonHostRuntimeInterfaces.IPhotonControl.OnPhotonRunning()
2017-08-27 12:44:56,246 [14] INFO  EWorldServer.EWorldServerApp - 【SYS】服务器已经关闭.....
2017-08-27 12:44:56,246 [14] INFO  Photon.SocketServer.ApplicationBase - Application stop: AppId=EWorldServer
2017-08-27 12:50:26,064 [14] INFO  EWorldServer.EWorldServerApp - 【OK】HandlerManager 初始化成功!
2017-08-27 12:50:26,200 [14] INFO  EWorldServer.EWorldServerApp - 【OK】DBManager初始化成功(db_eworld)
2017-08-27 12:50:26,201 [14] INFO  EWorldServer.EWorldServerApp - ---------------ServerList-----------------
2017-08-27 12:50:26,201 [14] INFO  EWorldServer.EWorldServerApp - 1=EWorldServer.net.c2s.C2SFetchCurrentServer

2017-08-27 12:50:26,202 [14] INFO  EWorldServer.EWorldServerApp - 2=EWorldServer.net.c2s.C2SFetchAllServer

2017-08-27 12:50:26,202 [14] INFO  EWorldServer.EWorldServerApp - ---------------Login-----------------
2017-08-27 12:50:26,202 [14] INFO  EWorldServer.EWorldServerApp - 1=EWorldServer.net.c2s.C2SUserLogin

2017-08-27 12:50:26,202 [14] INFO  EWorldServer.EWorldServerApp - 【SYS】游戏服务器启动运行中......
2017-08-27 12:50:26,203 [14] INFO  Photon.SocketServer.ApplicationBase - Application start: AppId=EWorldServer; AppPath=H:\CNWorkspace\github_weifengan\eWorldGameProject\EWorldGame_Release\Server\deploy\EWorldServer, Type=EWorldServer.EWorldServerApp 
2017-08-27 12:50:26,213 [14] INFO  Photon.SocketServer.ApplicationBase - Application is stopping: AppId=EWorldServer
2017-08-27 12:50:26,214 [14] INFO  EWorldServer.EWorldServerApp - 【SYS】服务器已经关闭.....
2017-08-27 12:50:26,215 [14] INFO  Photon.SocketServer.ApplicationBase - Application stop: AppId=EWorldServer
2017-08-27 12:50:30,183 [1] INFO  Photon.SocketServer.ApplicationBase - Application is stopping: AppId=EWorldServer
2017-08-27 12:50:30,185 [1] INFO  EWorldServer.EWorldServerApp - 【SYS】服务器已经关闭.....
2017-08-27 12:50:30,185 [1] INFO  Photon.SocketServer.ApplicationBase - Application stop: AppId=EWorldServer
2017-08-27 12:50:36,142 [1] INFO  EWorldServer.EWorldServerApp - 【OK】HandlerManager 初始化成功!
2017-08-27 12:50:36,207 [1] INFO  EWorldServer.EWorldServerApp - 【OK】DBManager初始化成功(db_eworld)
2017-08-27 12:50:36,209 [1] INFO  EWorldServer.EWorldServerApp - ---------------ServerList-----------------
2017-08-27 12:50:36,209 [1] INFO  EWorldServer.EWorldServerApp - 1=EWorldServer.net.c2s.C2SFetchCurrentServer

2017-08-27 12:50:36,209 [1] INFO  EWorldServer.EWorldServerApp - 2=EWorldServer.net.c2s.C2SFetchAllServer

2017-08-27 12:50:36,209 [1] INFO  EWorldServer.EWorldServerApp - ---------------Login-----------------
2017-08-27 12:50:36,210 [1] INFO  EWorldServer.EWorldServerApp - 1=EWorldServer.net.c2s.C2SUserLogin

2017-08-27 12:50:36,210 [1] INFO  EWorldServer.EWorldServerApp - 【SYS】游戏服务器启动运行中......
2017-08-27 12:50:36,211 [1] INFO  Photon.SocketServer.ApplicationBase - Application start: AppId=EWorldServer; AppPath=H:\CNWorkspace\github_weifengan\eWorldGameProject\EWorldGame_Release\Server\deploy\EWorldServer, Type=EWorldServer.EWorldServerApp 
2017-08-27 12:50:43,271 [11] INFO  EWorldServer.EWorldServerApp - 有新客户端连接127.0.0.1
2017-08-27 12:50:46,133 [11] INFO  EWorldServer.EWorldServerApp - 收到=Login,1
2017-08-27 12:50:46,186 [11] ERROR Photon.SocketServer.PeerBase - exception during handling of data.Peer:T:UserClient,ConnId:2,ip:127.0.0.1:8078, Data: F3-02-02-00-03-50-62-01-01-73-00-05-66-72-61-6E-6B-02-73-00-03-31-32-33,
Exception:System.IO.FileLoadException: 未能加载文件或程序集“NHibernate, Version=4.0.0.4000, Culture=neutral, PublicKeyToken=aa95f207798dfdb4”或它的某一个依赖项。找到的程序集清单定义与程序集引用不匹配。 (异常来自 HRESULT:0x80131040)
文件名:“NHibernate, Version=4.0.0.4000, Culture=neutral, PublicKeyToken=aa95f207798dfdb4”
   在 EWorldServer.db.DBManager.InitializeSessionFactory()
   在 EWorldServer.db.DBManager.get_SessionFactory() 位置 H:\CNWorkspace\github_weifengan\eWorldGameProject\Server\EWorldServer\db\DBManager.cs:行号 56
   在 EWorldServer.db.DBManager.OpenSession() 位置 H:\CNWorkspace\github_weifengan\eWorldGameProject\Server\EWorldServer\db\DBManager.cs:行号 64
   在 EWorldServer.db.action.AccountAction.CheckLogin(String name, String pwd) 位置 H:\CNWorkspace\github_weifengan\eWorldGameProject\Server\EWorldServer\db\action\AccountAction.cs:行号 39
   在 EWorldServer.net.c2s.C2SUserLogin.Parse(UserClient user, Byte moduleCode, Byte operationCode, OperationRequest operationRequest, SendParameters sendParameters) 位置 H:\CNWorkspace\github_weifengan\eWorldGameProject\Server\EWorldServer\net\c2s\C2SUserLogin.cs:行号 35
   在 EWorldServer.net.UserClient.OnOperationRequest(OperationRequest operationRequest, SendParameters sendParameters) 位置 H:\CNWorkspace\github_weifengan\eWorldGameProject\Server\EWorldServer\net\UserClient.cs:行号 34
   在 Photon.SocketServer.PeerBase.OnReceive(Byte[] data, SendParameters sendParameters)
   在 Photon.SocketServer.PeerBase.OnReceiveInternal(Byte[] data, SendParameters sendParameters, Int32 rtt, Int32 rttVariance, Int32 numFailures)

警告: 程序集绑定日志记录被关闭。
要启用程序集绑定失败日志记录，请将注册表值 [HKLM\Software\Microsoft\Fusion!EnableLog] (DWORD)设置为 1。
注意: 会有一些与程序集绑定失败日志记录关联的性能损失。
要关闭此功能，请移除注册表值 [HKLM\Software\Microsoft\Fusion!EnableLog]。

2017-08-27 12:50:47,716 [11] INFO  EWorldServer.EWorldServerApp - 用户掉线了(ClientDisconnect)
2017-08-27 12:50:52,411 [1] INFO  Photon.SocketServer.ApplicationBase - Application is stopping: AppId=EWorldServer
2017-08-27 12:50:52,443 [1] INFO  EWorldServer.EWorldServerApp - 【SYS】服务器已经关闭.....
2017-08-27 12:50:52,443 [1] INFO  Photon.SocketServer.ApplicationBase - Application stop: AppId=EWorldServer
2017-08-27 12:51:04,114 [1] INFO  EWorldServer.EWorldServerApp - 【OK】HandlerManager 初始化成功!
2017-08-27 12:51:04,227 [1] INFO  EWorldServer.EWorldServerApp - 【OK】DBManager初始化成功(db_eworld)
2017-08-27 12:51:04,229 [1] INFO  EWorldServer.EWorldServerApp - ---------------ServerList-----------------
2017-08-27 12:51:04,229 [1] INFO  EWorldServer.EWorldServerApp - 1=EWorldServer.net.c2s.C2SFetchCurrentServer

2017-08-27 12:51:04,229 [1] INFO  EWorldServer.EWorldServerApp - 2=EWorldServer.net.c2s.C2SFetchAllServer

2017-08-27 12:51:04,229 [1] INFO  EWorldServer.EWorldServerApp - ---------------Login-----------------
2017-08-27 12:51:04,230 [1] INFO  EWorldServer.EWorldServerApp - 1=EWorldServer.net.c2s.C2SUserLogin

2017-08-27 12:51:04,230 [1] INFO  EWorldServer.EWorldServerApp - 【SYS】游戏服务器启动运行中......
2017-08-27 12:51:04,231 [1] INFO  Photon.SocketServer.ApplicationBase - Application start: AppId=EWorldServer; AppPath=H:\CNWorkspace\github_weifengan\eWorldGameProject\EWorldGame_Release\Server\deploy\EWorldServer, Type=EWorldServer.EWorldServerApp 
2017-08-27 12:51:09,602 [13] INFO  EWorldServer.EWorldServerApp - 有新客户端连接127.0.0.1
2017-08-27 12:51:12,267 [12] INFO  EWorldServer.EWorldServerApp - 收到=Login,1
2017-08-27 12:51:12,281 [12] ERROR Photon.SocketServer.PeerBase - exception during handling of data.Peer:T:UserClient,ConnId:2,ip:127.0.0.1:8095, Data: F3-02-02-00-03-50-62-01-01-73-00-05-66-72-61-6E-6B-02-73-00-03-31-32-33,
Exception:System.IO.FileLoadException: 未能加载文件或程序集“NHibernate, Version=4.0.0.4000, Culture=neutral, PublicKeyToken=aa95f207798dfdb4”或它的某一个依赖项。找到的程序集清单定义与程序集引用不匹配。 (异常来自 HRESULT:0x80131040)
文件名:“NHibernate, Version=4.0.0.4000, Culture=neutral, PublicKeyToken=aa95f207798dfdb4”
   在 EWorldServer.db.DBManager.InitializeSessionFactory()
   在 EWorldServer.db.DBManager.get_SessionFactory() 位置 H:\CNWorkspace\github_weifengan\eWorldGameProject\Server\EWorldServer\db\DBManager.cs:行号 56
   在 EWorldServer.db.DBManager.OpenSession() 位置 H:\CNWorkspace\github_weifengan\eWorldGameProject\Server\EWorldServer\db\DBManager.cs:行号 64
   在 EWorldServer.db.action.AccountAction.CheckLogin(String name, String pwd) 位置 H:\CNWorkspace\github_weifengan\eWorldGameProject\Server\EWorldServer\db\action\AccountAction.cs:行号 39
   在 EWorldServer.net.c2s.C2SUserLogin.Parse(UserClient user, Byte moduleCode, Byte operationCode, OperationRequest operationRequest, SendParameters sendParameters) 位置 H:\CNWorkspace\github_weifengan\eWorldGameProject\Server\EWorldServer\net\c2s\C2SUserLogin.cs:行号 35
   在 EWorldServer.net.UserClient.OnOperationRequest(OperationRequest operationRequest, SendParameters sendParameters) 位置 H:\CNWorkspace\github_weifengan\eWorldGameProject\Server\EWorldServer\net\UserClient.cs:行号 34
   在 Photon.SocketServer.PeerBase.OnReceive(Byte[] data, SendParameters sendParameters)
   在 Photon.SocketServer.PeerBase.OnReceiveInternal(Byte[] data, SendParameters sendParameters, Int32 rtt, Int32 rttVariance, Int32 numFailures)

警告: 程序集绑定日志记录被关闭。
要启用程序集绑定失败日志记录，请将注册表值 [HKLM\Software\Microsoft\Fusion!EnableLog] (DWORD)设置为 1。
注意: 会有一些与程序集绑定失败日志记录关联的性能损失。
要关闭此功能，请移除注册表值 [HKLM\Software\Microsoft\Fusion!EnableLog]。

2017-08-27 12:51:41,359 [12] INFO  EWorldServer.EWorldServerApp - 用户掉线了(TimeoutDisconnect)
2017-08-27 12:52:16,098 [15] INFO  EWorldServer.EWorldServerApp - 【OK】HandlerManager 初始化成功!
2017-08-27 12:52:16,154 [15] INFO  EWorldServer.EWorldServerApp - 【OK】DBManager初始化成功(db_eworld)
2017-08-27 12:52:16,155 [15] INFO  EWorldServer.EWorldServerApp - ---------------ServerList-----------------
2017-08-27 12:52:16,156 [15] INFO  EWorldServer.EWorldServerApp - 1=EWorldServer.net.c2s.C2SFetchCurrentServer

2017-08-27 12:52:16,156 [15] INFO  EWorldServer.EWorldServerApp - 2=EWorldServer.net.c2s.C2SFetchAllServer

2017-08-27 12:52:16,156 [15] INFO  EWorldServer.EWorldServerApp - ---------------Login-----------------
2017-08-27 12:52:16,156 [15] INFO  EWorldServer.EWorldServerApp - 1=EWorldServer.net.c2s.C2SUserLogin

2017-08-27 12:52:16,156 [15] INFO  EWorldServer.EWorldServerApp - 【SYS】游戏服务器启动运行中......
2017-08-27 12:52:16,157 [15] INFO  Photon.SocketServer.ApplicationBase - Application start: AppId=EWorldServer; AppPath=H:\CNWorkspace\github_weifengan\eWorldGameProject\EWorldGame_Release\Server\deploy\EWorldServer, Type=EWorldServer.EWorldServerApp 
2017-08-27 12:52:16,165 [15] INFO  Photon.SocketServer.ApplicationBase - Application is stopping: AppId=EWorldServer
2017-08-27 12:52:16,166 [15] INFO  EWorldServer.EWorldServerApp - 【SYS】服务器已经关闭.....
2017-08-27 12:52:16,166 [15] INFO  Photon.SocketServer.ApplicationBase - Application stop: AppId=EWorldServer
2017-08-27 12:52:25,198 [15] INFO  EWorldServer.EWorldServerApp - 【OK】HandlerManager 初始化成功!
2017-08-27 12:52:25,254 [15] INFO  EWorldServer.EWorldServerApp - 【OK】DBManager初始化成功(db_eworld)
2017-08-27 12:52:25,255 [15] INFO  EWorldServer.EWorldServerApp - ---------------ServerList-----------------
2017-08-27 12:52:25,255 [15] INFO  EWorldServer.EWorldServerApp - 1=EWorldServer.net.c2s.C2SFetchCurrentServer

2017-08-27 12:52:25,255 [15] INFO  EWorldServer.EWorldServerApp - 2=EWorldServer.net.c2s.C2SFetchAllServer

2017-08-27 12:52:25,256 [15] INFO  EWorldServer.EWorldServerApp - ---------------Login-----------------
2017-08-27 12:52:25,256 [15] INFO  EWorldServer.EWorldServerApp - 1=EWorldServer.net.c2s.C2SUserLogin

2017-08-27 12:52:25,256 [15] INFO  EWorldServer.EWorldServerApp - 【SYS】游戏服务器启动运行中......
2017-08-27 12:52:25,257 [15] INFO  Photon.SocketServer.ApplicationBase - Application start: AppId=EWorldServer; AppPath=H:\CNWorkspace\github_weifengan\eWorldGameProject\EWorldGame_Release\Server\deploy\EWorldServer, Type=EWorldServer.EWorldServerApp 
2017-08-27 12:52:25,265 [15] INFO  Photon.SocketServer.ApplicationBase - Application is stopping: AppId=EWorldServer
2017-08-27 12:52:25,266 [15] INFO  EWorldServer.EWorldServerApp - 【SYS】服务器已经关闭.....
2017-08-27 12:52:25,266 [15] INFO  Photon.SocketServer.ApplicationBase - Application stop: AppId=EWorldServer
2017-08-27 12:52:29,087 [1] INFO  Photon.SocketServer.ApplicationBase - Application is stopping: AppId=EWorldServer
2017-08-27 12:52:29,090 [1] INFO  EWorldServer.EWorldServerApp - 【SYS】服务器已经关闭.....
2017-08-27 12:52:29,090 [1] INFO  Photon.SocketServer.ApplicationBase - Application stop: AppId=EWorldServer
2017-08-27 12:52:35,813 [1] INFO  EWorldServer.EWorldServerApp - 【OK】HandlerManager 初始化成功!
2017-08-27 12:52:35,869 [1] INFO  EWorldServer.EWorldServerApp - 【OK】DBManager初始化成功(db_eworld)
2017-08-27 12:52:35,871 [1] INFO  EWorldServer.EWorldServerApp - ---------------ServerList-----------------
2017-08-27 12:52:35,871 [1] INFO  EWorldServer.EWorldServerApp - 1=EWorldServer.net.c2s.C2SFetchCurrentServer

2017-08-27 12:52:35,871 [1] INFO  EWorldServer.EWorldServerApp - 2=EWorldServer.net.c2s.C2SFetchAllServer

2017-08-27 12:52:35,871 [1] INFO  EWorldServer.EWorldServerApp - ---------------Login-----------------
2017-08-27 12:52:35,872 [1] INFO  EWorldServer.EWorldServerApp - 1=EWorldServer.net.c2s.C2SUserLogin

2017-08-27 12:52:35,872 [1] INFO  EWorldServer.EWorldServerApp - 【SYS】游戏服务器启动运行中......
2017-08-27 12:52:35,872 [1] INFO  Photon.SocketServer.ApplicationBase - Application start: AppId=EWorldServer; AppPath=H:\CNWorkspace\github_weifengan\eWorldGameProject\EWorldGame_Release\Server\deploy\EWorldServer, Type=EWorldServer.EWorldServerApp 
2017-08-27 12:52:47,236 [12] INFO  EWorldServer.EWorldServerApp - 有新客户端连接127.0.0.1
2017-08-27 12:52:50,490 [10] INFO  EWorldServer.EWorldServerApp - 收到=Login,1
2017-08-27 12:52:50,524 [10] ERROR Photon.SocketServer.PeerBase - exception during handling of data.Peer:T:UserClient,ConnId:2,ip:127.0.0.1:8154, Data: F3-02-02-00-03-50-62-01-01-73-00-05-66-72-61-6E-6B-02-73-00-03-31-32-33,
Exception:System.IO.FileLoadException: 未能加载文件或程序集“NHibernate, Version=4.0.0.4000, Culture=neutral, PublicKeyToken=aa95f207798dfdb4”或它的某一个依赖项。找到的程序集清单定义与程序集引用不匹配。 (异常来自 HRESULT:0x80131040)
文件名:“NHibernate, Version=4.0.0.4000, Culture=neutral, PublicKeyToken=aa95f207798dfdb4”
   在 EWorldServer.db.DBManager.InitializeSessionFactory()
   在 EWorldServer.db.DBManager.get_SessionFactory() 位置 H:\CNWorkspace\github_weifengan\eWorldGameProject\Server\EWorldServer\db\DBManager.cs:行号 56
   在 EWorldServer.db.DBManager.OpenSession() 位置 H:\CNWorkspace\github_weifengan\eWorldGameProject\Server\EWorldServer\db\DBManager.cs:行号 64
   在 EWorldServer.db.action.AccountAction.CheckLogin(String name, String pwd) 位置 H:\CNWorkspace\github_weifengan\eWorldGameProject\Server\EWorldServer\db\action\AccountAction.cs:行号 39
   在 EWorldServer.net.c2s.C2SUserLogin.Parse(UserClient user, Byte moduleCode, Byte operationCode, OperationRequest operationRequest, SendParameters sendParameters) 位置 H:\CNWorkspace\github_weifengan\eWorldGameProject\Server\EWorldServer\net\c2s\C2SUserLogin.cs:行号 35
   在 EWorldServer.net.UserClient.OnOperationRequest(OperationRequest operationRequest, SendParameters sendParameters) 位置 H:\CNWorkspace\github_weifengan\eWorldGameProject\Server\EWorldServer\net\UserClient.cs:行号 34
   在 Photon.SocketServer.PeerBase.OnReceive(Byte[] data, SendParameters sendParameters)
   在 Photon.SocketServer.PeerBase.OnReceiveInternal(Byte[] data, SendParameters sendParameters, Int32 rtt, Int32 rttVariance, Int32 numFailures)

警告: 程序集绑定日志记录被关闭。
要启用程序集绑定失败日志记录，请将注册表值 [HKLM\Software\Microsoft\Fusion!EnableLog] (DWORD)设置为 1。
注意: 会有一些与程序集绑定失败日志记录关联的性能损失。
要关闭此功能，请移除注册表值 [HKLM\Software\Microsoft\Fusion!EnableLog]。

2017-08-27 12:53:02,356 [11] INFO  EWorldServer.EWorldServerApp - 用户掉线了(TimeoutDisconnect)
2017-08-27 13:03:59,416 [1] INFO  Photon.SocketServer.ApplicationBase - Application is stopping: AppId=EWorldServer
2017-08-27 13:03:59,419 [1] INFO  EWorldServer.EWorldServerApp - 【SYS】服务器已经关闭.....
2017-08-27 13:03:59,419 [1] INFO  Photon.SocketServer.ApplicationBase - Application stop: AppId=EWorldServer
2017-08-27 13:06:49,161 [1] INFO  EWorldServer.EWorldServerApp - 【OK】HandlerManager 初始化成功!
2017-08-27 13:06:49,253 [1] INFO  EWorldServer.EWorldServerApp - 【OK】DBManager初始化成功(db_eworld)
2017-08-27 13:06:49,255 [1] INFO  EWorldServer.EWorldServerApp - ---------------ServerList-----------------
2017-08-27 13:06:49,255 [1] INFO  EWorldServer.EWorldServerApp - 1=EWorldServer.net.c2s.C2SFetchCurrentServer

2017-08-27 13:06:49,255 [1] INFO  EWorldServer.EWorldServerApp - 2=EWorldServer.net.c2s.C2SFetchAllServer

2017-08-27 13:06:49,256 [1] INFO  EWorldServer.EWorldServerApp - ---------------Login-----------------
2017-08-27 13:06:49,256 [1] INFO  EWorldServer.EWorldServerApp - 1=EWorldServer.net.c2s.C2SUserLogin

2017-08-27 13:06:49,256 [1] INFO  EWorldServer.EWorldServerApp - 【SYS】游戏服务器启动运行中......
2017-08-27 13:06:49,257 [1] INFO  Photon.SocketServer.ApplicationBase - Application start: AppId=EWorldServer; AppPath=H:\CNWorkspace\github_weifengan\eWorldGameProject\EWorldGame_Release\Server\deploy\EWorldServer, Type=EWorldServer.EWorldServerApp 
2017-08-27 13:06:56,567 [10] INFO  EWorldServer.EWorldServerApp - 有新客户端连接127.0.0.1
2017-08-27 13:06:59,547 [11] INFO  EWorldServer.EWorldServerApp - 收到=Login,1
2017-08-27 13:06:59,667 [11] INFO  NHibernate.Cfg.Environment - NHibernate 4.1.1.GA (assembly 4.1.0.4000)
2017-08-27 13:06:59,668 [11] INFO  NHibernate.Cfg.Environment - hibernate-configuration section not found in application configuration file
2017-08-27 13:06:59,669 [11] INFO  NHibernate.Cfg.Environment - Bytecode provider name : lcg
2017-08-27 13:06:59,670 [11] INFO  NHibernate.Cfg.Environment - Using reflection optimizer
2017-08-27 13:07:00,267 [11] INFO  NHibernate.Dialect.Dialect - Using dialect: NHibernate.Dialect.MySQLDialect
2017-08-27 13:07:00,315 [11] INFO  NHibernate.Cfg.XmlHbmBinding.Binder - Mapping class: EWorldServer.db.model.Account -> account
2017-08-27 13:07:00,393 [11] INFO  NHibernate.Cfg.Configuration - checking mappings queue
2017-08-27 13:07:00,393 [11] INFO  NHibernate.Cfg.Configuration - processing one-to-many association mappings
2017-08-27 13:07:00,393 [11] INFO  NHibernate.Cfg.Configuration - processing one-to-one association property references
2017-08-27 13:07:00,393 [11] INFO  NHibernate.Cfg.Configuration - processing foreign key constraints
2017-08-27 13:07:00,395 [11] INFO  NHibernate.Cfg.Configuration - processing filters (second pass)
2017-08-27 13:07:00,408 [11] INFO  NHibernate.Dialect.Dialect - Using dialect: NHibernate.Dialect.MySQLDialect
2017-08-27 13:07:00,414 [11] INFO  NHibernate.Dialect.Dialect - Using dialect: NHibernate.Dialect.MySQLDialect
2017-08-27 13:07:00,492 [11] INFO  NHibernate.Exceptions.SQLExceptionConverterFactory - Using dialect defined converter
2017-08-27 13:07:00,492 [11] INFO  NHibernate.Cfg.SettingsFactory - Generate SQL with comments: disabled
2017-08-27 13:07:00,493 [11] INFO  NHibernate.Connection.ConnectionProviderFactory - Initializing connection provider: NHibernate.Connection.DriverConnectionProvider
2017-08-27 13:07:00,494 [11] INFO  NHibernate.Connection.ConnectionProvider - Configuring ConnectionProvider
2017-08-27 13:07:00,503 [11] ERROR NHibernate.Util.ReflectHelper - Could not load type MySql.Data.MySqlClient.MySqlConnection, MySql.Data.
System.IO.FileNotFoundException: 未能加载文件或程序集“MySql.Data”或它的某一个依赖项。系统找不到指定的文件。
文件名:“MySql.Data”
   在 System.Reflection.RuntimeAssembly._nLoad(AssemblyName fileName, String codeBase, Evidence assemblySecurity, RuntimeAssembly locationHint, StackCrawlMark& stackMark, IntPtr pPrivHostBinder, Boolean throwOnFileNotFound, Boolean forIntrospection, Boolean suppressSecurityChecks)
   在 System.Reflection.RuntimeAssembly.InternalLoadAssemblyName(AssemblyName assemblyRef, Evidence assemblySecurity, RuntimeAssembly reqAssembly, StackCrawlMark& stackMark, IntPtr pPrivHostBinder, Boolean throwOnFileNotFound, Boolean forIntrospection, Boolean suppressSecurityChecks)
   在 System.Reflection.RuntimeAssembly.InternalLoad(String assemblyString, Evidence assemblySecurity, StackCrawlMark& stackMark, IntPtr pPrivHostBinder, Boolean forIntrospection)
   在 System.Reflection.RuntimeAssembly.InternalLoad(String assemblyString, Evidence assemblySecurity, StackCrawlMark& stackMark, Boolean forIntrospection)
   在 System.Reflection.Assembly.Load(String assemblyString)
   在 NHibernate.Util.ReflectHelper.TypeFromAssembly(AssemblyQualifiedTypeName name, Boolean throwOnError)

警告: 程序集绑定日志记录被关闭。
要启用程序集绑定失败日志记录，请将注册表值 [HKLM\Software\Microsoft\Fusion!EnableLog] (DWORD)设置为 1。
注意: 会有一些与程序集绑定失败日志记录关联的性能损失。
要关闭此功能，请移除注册表值 [HKLM\Software\Microsoft\Fusion!EnableLog]。

2017-08-27 13:07:00,520 [11] ERROR NHibernate.Util.ReflectHelper - Could not load type MySql.Data.MySqlClient.MySqlCommand, MySql.Data.
System.IO.FileNotFoundException: 未能加载文件或程序集“MySql.Data”或它的某一个依赖项。系统找不到指定的文件。
文件名:“MySql.Data”
   在 System.Reflection.RuntimeAssembly._nLoad(AssemblyName fileName, String codeBase, Evidence assemblySecurity, RuntimeAssembly locationHint, StackCrawlMark& stackMark, IntPtr pPrivHostBinder, Boolean throwOnFileNotFound, Boolean forIntrospection, Boolean suppressSecurityChecks)
   在 System.Reflection.RuntimeAssembly.InternalLoadAssemblyName(AssemblyName assemblyRef, Evidence assemblySecurity, RuntimeAssembly reqAssembly, StackCrawlMark& stackMark, IntPtr pPrivHostBinder, Boolean throwOnFileNotFound, Boolean forIntrospection, Boolean suppressSecurityChecks)
   在 System.Reflection.RuntimeAssembly.InternalLoad(String assemblyString, Evidence assemblySecurity, StackCrawlMark& stackMark, IntPtr pPrivHostBinder, Boolean forIntrospection)
   在 System.Reflection.RuntimeAssembly.InternalLoad(String assemblyString, Evidence assemblySecurity, StackCrawlMark& stackMark, Boolean forIntrospection)
   在 System.Reflection.Assembly.Load(String assemblyString)
   在 NHibernate.Util.ReflectHelper.TypeFromAssembly(AssemblyQualifiedTypeName name, Boolean throwOnError)

警告: 程序集绑定日志记录被关闭。
要启用程序集绑定失败日志记录，请将注册表值 [HKLM\Software\Microsoft\Fusion!EnableLog] (DWORD)设置为 1。
注意: 会有一些与程序集绑定失败日志记录关联的性能损失。
要关闭此功能，请移除注册表值 [HKLM\Software\Microsoft\Fusion!EnableLog]。

2017-08-27 13:07:00,673 [11] INFO  NHibernate.Cfg.SettingsFactory - Transaction factory: NHibernate.Transaction.AdoNetWithDistributedTransactionFactory
2017-08-27 13:07:00,674 [11] INFO  NHibernate.Cfg.SettingsFactory - Optimize cache for minimal puts: False
2017-08-27 13:07:00,675 [11] INFO  NHibernate.Cfg.SettingsFactory - Connection release mode: auto
2017-08-27 13:07:00,675 [11] INFO  NHibernate.Cfg.SettingsFactory - Default batch fetch size: 1
2017-08-27 13:07:00,675 [11] INFO  NHibernate.Cfg.SettingsFactory - Statistics: disabled
2017-08-27 13:07:00,676 [11] INFO  NHibernate.Cfg.SettingsFactory - Deleted entity synthetic identifier rollback: disabled
2017-08-27 13:07:00,677 [11] INFO  NHibernate.Cfg.SettingsFactory - Query translator: NHibernate.Hql.Ast.ANTLR.ASTQueryTranslatorFactory
2017-08-27 13:07:00,679 [11] INFO  NHibernate.Cfg.SettingsFactory - Query provider: NHibernate.Linq.DefaultQueryProvider
2017-08-27 13:07:00,681 [11] INFO  NHibernate.Cfg.SettingsFactory - Query language substitutions: {}
2017-08-27 13:07:00,683 [11] INFO  NHibernate.Cfg.SettingsFactory - cache provider: NHibernate.Cache.NoCacheProvider, NHibernate, Version=4.1.0.4000, Culture=neutral, PublicKeyToken=aa95f207798dfdb4
2017-08-27 13:07:00,684 [11] INFO  NHibernate.Cfg.SettingsFactory - Order SQL inserts for batching: disabled
2017-08-27 13:07:00,685 [11] INFO  NHibernate.Cfg.SettingsFactory - Order SQL updates for batching: disabled
2017-08-27 13:07:00,687 [11] INFO  NHibernate.Cfg.SettingsFactory - Batcher factory: NHibernate.AdoNet.NonBatchingBatcherFactory, NHibernate, Version=4.1.0.4000, Culture=neutral, PublicKeyToken=aa95f207798dfdb4
2017-08-27 13:07:00,687 [11] INFO  NHibernate.Cfg.SettingsFactory - Default flush mode: Auto
2017-08-27 13:07:00,688 [11] INFO  NHibernate.Cfg.SettingsFactory - Default entity-mode: Poco
2017-08-27 13:07:00,688 [11] INFO  NHibernate.Cfg.SettingsFactory - Named query checking : enabled
2017-08-27 13:07:00,689 [11] INFO  NHibernate.Cfg.SettingsFactory - Ignoring exceptions in BeforeTransactionCompletion : disabled
2017-08-27 13:07:00,710 [11] INFO  NHibernate.Impl.SessionFactoryImpl - building session factory
2017-08-27 13:07:01,296 [11] INFO  NHibernate.Impl.SessionFactoryObjectFactory - no name configured
2017-08-27 13:07:01,481 [11] INFO  NHibernate.Loader.Loader - SELECT this_.acc_id as acc1_0_0_, this_.acc_name as acc2_0_0_, this_.acc_pwd as acc3_0_0_, this_.acc_nick as acc4_0_0_, this_.acc_jobid as acc5_0_0_, this_.acc_level as acc6_0_0_, this_.acc_gold as acc7_0_0_, this_.acc_regdate as acc8_0_0_, this_.acc_lastlogin as acc9_0_0_ FROM account this_ WHERE this_.acc_name = ?p0
2017-08-27 13:07:01,576 [11] INFO  NHibernate.Loader.Loader - SELECT this_.acc_id as acc1_0_0_, this_.acc_name as acc2_0_0_, this_.acc_pwd as acc3_0_0_, this_.acc_nick as acc4_0_0_, this_.acc_jobid as acc5_0_0_, this_.acc_level as acc6_0_0_, this_.acc_gold as acc7_0_0_, this_.acc_regdate as acc8_0_0_, this_.acc_lastlogin as acc9_0_0_ FROM account this_ WHERE this_.acc_name = ?p0
2017-08-27 13:07:01,583 [11] INFO  EWorldServer.EWorldServerApp - 向客户端发送信息2,1
2017-08-27 13:07:17,482 [11] INFO  EWorldServer.EWorldServerApp - 用户掉线了(ClientDisconnect)
2017-08-27 13:08:22,170 [17] INFO  EWorldServer.EWorldServerApp - 【OK】HandlerManager 初始化成功!
2017-08-27 13:08:22,227 [17] INFO  EWorldServer.EWorldServerApp - 【OK】DBManager初始化成功(db_eworld)
2017-08-27 13:08:22,228 [17] INFO  EWorldServer.EWorldServerApp - ---------------ServerList-----------------
2017-08-27 13:08:22,228 [17] INFO  EWorldServer.EWorldServerApp - 1=EWorldServer.net.c2s.C2SFetchCurrentServer

2017-08-27 13:08:22,228 [17] INFO  EWorldServer.EWorldServerApp - 2=EWorldServer.net.c2s.C2SFetchAllServer

2017-08-27 13:08:22,229 [17] INFO  EWorldServer.EWorldServerApp - ---------------Login-----------------
2017-08-27 13:08:22,229 [17] INFO  EWorldServer.EWorldServerApp - 1=EWorldServer.net.c2s.C2SUserLogin

2017-08-27 13:08:22,229 [17] INFO  EWorldServer.EWorldServerApp - 【SYS】游戏服务器启动运行中......
2017-08-27 13:08:22,230 [17] INFO  Photon.SocketServer.ApplicationBase - Application start: AppId=EWorldServer; AppPath=H:\CNWorkspace\github_weifengan\eWorldGameProject\EWorldGame_Release\Server\deploy\EWorldServer, Type=EWorldServer.EWorldServerApp 
2017-08-27 13:08:22,238 [17] INFO  Photon.SocketServer.ApplicationBase - Application is stopping: AppId=EWorldServer
2017-08-27 13:08:22,239 [17] INFO  EWorldServer.EWorldServerApp - 【SYS】服务器已经关闭.....
2017-08-27 13:08:22,239 [17] INFO  Photon.SocketServer.ApplicationBase - Application stop: AppId=EWorldServer
2017-08-27 13:08:25,037 [1] INFO  Photon.SocketServer.ApplicationBase - Application is stopping: AppId=EWorldServer
2017-08-27 13:08:25,041 [1] INFO  EWorldServer.EWorldServerApp - 【SYS】服务器已经关闭.....
2017-08-27 13:08:25,041 [1] INFO  Photon.SocketServer.ApplicationBase - Application stop: AppId=EWorldServer
2017-08-27 13:08:30,229 [1] INFO  EWorldServer.EWorldServerApp - 【OK】HandlerManager 初始化成功!
2017-08-27 13:08:30,299 [1] INFO  EWorldServer.EWorldServerApp - 【OK】DBManager初始化成功(db_eworld)
2017-08-27 13:08:30,301 [1] INFO  EWorldServer.EWorldServerApp - ---------------ServerList-----------------
2017-08-27 13:08:30,302 [1] INFO  EWorldServer.EWorldServerApp - 1=EWorldServer.net.c2s.C2SFetchCurrentServer

2017-08-27 13:08:30,302 [1] INFO  EWorldServer.EWorldServerApp - 2=EWorldServer.net.c2s.C2SFetchAllServer

2017-08-27 13:08:30,302 [1] INFO  EWorldServer.EWorldServerApp - ---------------Login-----------------
2017-08-27 13:08:30,302 [1] INFO  EWorldServer.EWorldServerApp - 1=EWorldServer.net.c2s.C2SUserLogin

2017-08-27 13:08:30,302 [1] INFO  EWorldServer.EWorldServerApp - 【SYS】游戏服务器启动运行中......
2017-08-27 13:08:30,303 [1] INFO  Photon.SocketServer.ApplicationBase - Application start: AppId=EWorldServer; AppPath=H:\CNWorkspace\github_weifengan\eWorldGameProject\EWorldGame_Release\Server\deploy\EWorldServer, Type=EWorldServer.EWorldServerApp 
2017-08-27 13:08:43,321 [12] INFO  EWorldServer.EWorldServerApp - 有新客户端连接127.0.0.1
2017-08-27 13:08:46,246 [11] INFO  EWorldServer.EWorldServerApp - 收到=Login,1
2017-08-27 13:08:46,274 [11] INFO  NHibernate.Cfg.Environment - NHibernate 4.1.1.GA (assembly 4.1.0.4000)
2017-08-27 13:08:46,275 [11] INFO  NHibernate.Cfg.Environment - hibernate-configuration section not found in application configuration file
2017-08-27 13:08:46,276 [11] INFO  NHibernate.Cfg.Environment - Bytecode provider name : lcg
2017-08-27 13:08:46,277 [11] INFO  NHibernate.Cfg.Environment - Using reflection optimizer
2017-08-27 13:08:46,653 [11] INFO  NHibernate.Dialect.Dialect - Using dialect: NHibernate.Dialect.MySQLDialect
2017-08-27 13:08:46,687 [11] INFO  NHibernate.Cfg.XmlHbmBinding.Binder - Mapping class: EWorldServer.db.model.Account -> account
2017-08-27 13:08:46,725 [11] INFO  NHibernate.Cfg.Configuration - checking mappings queue
2017-08-27 13:08:46,726 [11] INFO  NHibernate.Cfg.Configuration - processing one-to-many association mappings
2017-08-27 13:08:46,726 [11] INFO  NHibernate.Cfg.Configuration - processing one-to-one association property references
2017-08-27 13:08:46,726 [11] INFO  NHibernate.Cfg.Configuration - processing foreign key constraints
2017-08-27 13:08:46,728 [11] INFO  NHibernate.Cfg.Configuration - processing filters (second pass)
2017-08-27 13:08:46,740 [11] INFO  NHibernate.Dialect.Dialect - Using dialect: NHibernate.Dialect.MySQLDialect
2017-08-27 13:08:46,746 [11] INFO  NHibernate.Dialect.Dialect - Using dialect: NHibernate.Dialect.MySQLDialect
2017-08-27 13:08:46,793 [11] INFO  NHibernate.Exceptions.SQLExceptionConverterFactory - Using dialect defined converter
2017-08-27 13:08:46,794 [11] INFO  NHibernate.Cfg.SettingsFactory - Generate SQL with comments: disabled
2017-08-27 13:08:46,794 [11] INFO  NHibernate.Connection.ConnectionProviderFactory - Initializing connection provider: NHibernate.Connection.DriverConnectionProvider
2017-08-27 13:08:46,795 [11] INFO  NHibernate.Connection.ConnectionProvider - Configuring ConnectionProvider
2017-08-27 13:08:46,801 [11] INFO  NHibernate.Cfg.SettingsFactory - Transaction factory: NHibernate.Transaction.AdoNetWithDistributedTransactionFactory
2017-08-27 13:08:46,801 [11] INFO  NHibernate.Cfg.SettingsFactory - Optimize cache for minimal puts: False
2017-08-27 13:08:46,801 [11] INFO  NHibernate.Cfg.SettingsFactory - Connection release mode: auto
2017-08-27 13:08:46,802 [11] INFO  NHibernate.Cfg.SettingsFactory - Default batch fetch size: 1
2017-08-27 13:08:46,802 [11] INFO  NHibernate.Cfg.SettingsFactory - Statistics: disabled
2017-08-27 13:08:46,802 [11] INFO  NHibernate.Cfg.SettingsFactory - Deleted entity synthetic identifier rollback: disabled
2017-08-27 13:08:46,802 [11] INFO  NHibernate.Cfg.SettingsFactory - Query translator: NHibernate.Hql.Ast.ANTLR.ASTQueryTranslatorFactory
2017-08-27 13:08:46,803 [11] INFO  NHibernate.Cfg.SettingsFactory - Query provider: NHibernate.Linq.DefaultQueryProvider
2017-08-27 13:08:46,804 [11] INFO  NHibernate.Cfg.SettingsFactory - Query language substitutions: {}
2017-08-27 13:08:46,805 [11] INFO  NHibernate.Cfg.SettingsFactory - cache provider: NHibernate.Cache.NoCacheProvider, NHibernate, Version=4.1.0.4000, Culture=neutral, PublicKeyToken=aa95f207798dfdb4
2017-08-27 13:08:46,805 [11] INFO  NHibernate.Cfg.SettingsFactory - Order SQL inserts for batching: disabled
2017-08-27 13:08:46,806 [11] INFO  NHibernate.Cfg.SettingsFactory - Order SQL updates for batching: disabled
2017-08-27 13:08:46,806 [11] INFO  NHibernate.Cfg.SettingsFactory - Batcher factory: NHibernate.AdoNet.NonBatchingBatcherFactory, NHibernate, Version=4.1.0.4000, Culture=neutral, PublicKeyToken=aa95f207798dfdb4
2017-08-27 13:08:46,807 [11] INFO  NHibernate.Cfg.SettingsFactory - Default flush mode: Auto
2017-08-27 13:08:46,807 [11] INFO  NHibernate.Cfg.SettingsFactory - Default entity-mode: Poco
2017-08-27 13:08:46,807 [11] INFO  NHibernate.Cfg.SettingsFactory - Named query checking : enabled
2017-08-27 13:08:46,807 [11] INFO  NHibernate.Cfg.SettingsFactory - Ignoring exceptions in BeforeTransactionCompletion : disabled
2017-08-27 13:08:46,819 [11] INFO  NHibernate.Impl.SessionFactoryImpl - building session factory
2017-08-27 13:08:47,099 [11] INFO  NHibernate.Impl.SessionFactoryObjectFactory - no name configured
2017-08-27 13:08:47,209 [11] INFO  NHibernate.Loader.Loader - SELECT this_.acc_id as acc1_0_0_, this_.acc_name as acc2_0_0_, this_.acc_pwd as acc3_0_0_, this_.acc_nick as acc4_0_0_, this_.acc_jobid as acc5_0_0_, this_.acc_level as acc6_0_0_, this_.acc_gold as acc7_0_0_, this_.acc_regdate as acc8_0_0_, this_.acc_lastlogin as acc9_0_0_ FROM account this_ WHERE this_.acc_name = ?p0
2017-08-27 13:08:47,249 [11] INFO  NHibernate.Loader.Loader - SELECT this_.acc_id as acc1_0_0_, this_.acc_name as acc2_0_0_, this_.acc_pwd as acc3_0_0_, this_.acc_nick as acc4_0_0_, this_.acc_jobid as acc5_0_0_, this_.acc_level as acc6_0_0_, this_.acc_gold as acc7_0_0_, this_.acc_regdate as acc8_0_0_, this_.acc_lastlogin as acc9_0_0_ FROM account this_ WHERE this_.acc_name = ?p0
2017-08-27 13:08:47,257 [11] INFO  EWorldServer.EWorldServerApp - 向客户端发送信息2,1
2017-08-27 13:08:50,345 [11] INFO  EWorldServer.EWorldServerApp - 用户掉线了(ClientDisconnect)
2017-08-27 13:13:54,391 [16] INFO  EWorldServer.EWorldServerApp - 【OK】HandlerManager 初始化成功!
2017-08-27 13:13:54,464 [16] INFO  EWorldServer.EWorldServerApp - 【OK】DBManager初始化成功(db_eworld)
2017-08-27 13:13:54,465 [16] INFO  EWorldServer.EWorldServerApp - ---------------ServerList-----------------
2017-08-27 13:13:54,466 [16] INFO  EWorldServer.EWorldServerApp - 1=EWorldServer.net.c2s.C2SFetchCurrentServer

2017-08-27 13:13:54,466 [16] INFO  EWorldServer.EWorldServerApp - 2=EWorldServer.net.c2s.C2SFetchAllServer

2017-08-27 13:13:54,466 [16] INFO  EWorldServer.EWorldServerApp - ---------------Login-----------------
2017-08-27 13:13:54,466 [16] INFO  EWorldServer.EWorldServerApp - 1=EWorldServer.net.c2s.C2SUserLogin

2017-08-27 13:13:54,467 [16] INFO  EWorldServer.EWorldServerApp - 【SYS】游戏服务器启动运行中......
2017-08-27 13:13:54,467 [16] INFO  Photon.SocketServer.ApplicationBase - Application start: AppId=EWorldServer; AppPath=H:\CNWorkspace\github_weifengan\eWorldGameProject\EWorldGame_Release\Server\deploy\EWorldServer, Type=EWorldServer.EWorldServerApp 
2017-08-27 13:13:54,476 [16] INFO  Photon.SocketServer.ApplicationBase - Application is stopping: AppId=EWorldServer
2017-08-27 13:13:54,477 [16] INFO  EWorldServer.EWorldServerApp - 【SYS】服务器已经关闭.....
2017-08-27 13:13:54,477 [16] INFO  Photon.SocketServer.ApplicationBase - Application stop: AppId=EWorldServer
2017-08-27 13:13:59,669 [1] INFO  Photon.SocketServer.ApplicationBase - Application is stopping: AppId=EWorldServer
2017-08-27 13:13:59,672 [1] INFO  EWorldServer.EWorldServerApp - 【SYS】服务器已经关闭.....
2017-08-27 13:13:59,672 [1] INFO  Photon.SocketServer.ApplicationBase - Application stop: AppId=EWorldServer
2017-08-27 13:14:06,215 [1] INFO  EWorldServer.EWorldServerApp - 【OK】HandlerManager 初始化成功!
2017-08-27 13:14:06,277 [1] INFO  EWorldServer.EWorldServerApp - 【OK】DBManager初始化成功(db_eworld)
2017-08-27 13:14:06,279 [1] INFO  EWorldServer.EWorldServerApp - ---------------ServerList-----------------
2017-08-27 13:14:06,279 [1] INFO  EWorldServer.EWorldServerApp - 1=EWorldServer.net.c2s.C2SFetchCurrentServer

2017-08-27 13:14:06,279 [1] INFO  EWorldServer.EWorldServerApp - 2=EWorldServer.net.c2s.C2SFetchAllServer

2017-08-27 13:14:06,280 [1] INFO  EWorldServer.EWorldServerApp - ---------------Login-----------------
2017-08-27 13:14:06,280 [1] INFO  EWorldServer.EWorldServerApp - 1=EWorldServer.net.c2s.C2SUserLogin

2017-08-27 13:14:06,280 [1] INFO  EWorldServer.EWorldServerApp - 【SYS】游戏服务器启动运行中......
2017-08-27 13:14:06,281 [1] INFO  Photon.SocketServer.ApplicationBase - Application start: AppId=EWorldServer; AppPath=H:\CNWorkspace\github_weifengan\eWorldGameProject\EWorldGame_Release\Server\deploy\EWorldServer, Type=EWorldServer.EWorldServerApp 
2017-08-27 13:14:11,367 [11] INFO  EWorldServer.EWorldServerApp - 有新客户端连接127.0.0.1
2017-08-27 13:14:14,019 [11] INFO  EWorldServer.EWorldServerApp - 收到=Login,1
2017-08-27 13:14:14,065 [11] INFO  NHibernate.Cfg.Environment - NHibernate 4.1.1.GA (assembly 4.1.0.4000)
2017-08-27 13:14:14,067 [11] INFO  NHibernate.Cfg.Environment - hibernate-configuration section not found in application configuration file
2017-08-27 13:14:14,068 [11] INFO  NHibernate.Cfg.Environment - Bytecode provider name : lcg
2017-08-27 13:14:14,070 [11] INFO  NHibernate.Cfg.Environment - Using reflection optimizer
2017-08-27 13:14:14,455 [11] INFO  NHibernate.Dialect.Dialect - Using dialect: NHibernate.Dialect.MySQLDialect
2017-08-27 13:14:14,490 [11] INFO  NHibernate.Cfg.XmlHbmBinding.Binder - Mapping class: EWorldServer.db.model.Account -> account
2017-08-27 13:14:14,529 [11] INFO  NHibernate.Cfg.Configuration - checking mappings queue
2017-08-27 13:14:14,529 [11] INFO  NHibernate.Cfg.Configuration - processing one-to-many association mappings
2017-08-27 13:14:14,530 [11] INFO  NHibernate.Cfg.Configuration - processing one-to-one association property references
2017-08-27 13:14:14,530 [11] INFO  NHibernate.Cfg.Configuration - processing foreign key constraints
2017-08-27 13:14:14,531 [11] INFO  NHibernate.Cfg.Configuration - processing filters (second pass)
2017-08-27 13:14:14,544 [11] INFO  NHibernate.Dialect.Dialect - Using dialect: NHibernate.Dialect.MySQLDialect
2017-08-27 13:14:14,550 [11] INFO  NHibernate.Dialect.Dialect - Using dialect: NHibernate.Dialect.MySQLDialect
2017-08-27 13:14:14,599 [11] INFO  NHibernate.Exceptions.SQLExceptionConverterFactory - Using dialect defined converter
2017-08-27 13:14:14,600 [11] INFO  NHibernate.Cfg.SettingsFactory - Generate SQL with comments: disabled
2017-08-27 13:14:14,601 [11] INFO  NHibernate.Connection.ConnectionProviderFactory - Initializing connection provider: NHibernate.Connection.DriverConnectionProvider
2017-08-27 13:14:14,602 [11] INFO  NHibernate.Connection.ConnectionProvider - Configuring ConnectionProvider
2017-08-27 13:14:14,608 [11] INFO  NHibernate.Cfg.SettingsFactory - Transaction factory: NHibernate.Transaction.AdoNetWithDistributedTransactionFactory
2017-08-27 13:14:14,608 [11] INFO  NHibernate.Cfg.SettingsFactory - Optimize cache for minimal puts: False
2017-08-27 13:14:14,608 [11] INFO  NHibernate.Cfg.SettingsFactory - Connection release mode: auto
2017-08-27 13:14:14,609 [11] INFO  NHibernate.Cfg.SettingsFactory - Default batch fetch size: 1
2017-08-27 13:14:14,609 [11] INFO  NHibernate.Cfg.SettingsFactory - Statistics: disabled
2017-08-27 13:14:14,609 [11] INFO  NHibernate.Cfg.SettingsFactory - Deleted entity synthetic identifier rollback: disabled
2017-08-27 13:14:14,610 [11] INFO  NHibernate.Cfg.SettingsFactory - Query translator: NHibernate.Hql.Ast.ANTLR.ASTQueryTranslatorFactory
2017-08-27 13:14:14,610 [11] INFO  NHibernate.Cfg.SettingsFactory - Query provider: NHibernate.Linq.DefaultQueryProvider
2017-08-27 13:14:14,611 [11] INFO  NHibernate.Cfg.SettingsFactory - Query language substitutions: {}
2017-08-27 13:14:14,612 [11] INFO  NHibernate.Cfg.SettingsFactory - cache provider: NHibernate.Cache.NoCacheProvider, NHibernate, Version=4.1.0.4000, Culture=neutral, PublicKeyToken=aa95f207798dfdb4
2017-08-27 13:14:14,613 [11] INFO  NHibernate.Cfg.SettingsFactory - Order SQL inserts for batching: disabled
2017-08-27 13:14:14,613 [11] INFO  NHibernate.Cfg.SettingsFactory - Order SQL updates for batching: disabled
2017-08-27 13:14:14,614 [11] INFO  NHibernate.Cfg.SettingsFactory - Batcher factory: NHibernate.AdoNet.NonBatchingBatcherFactory, NHibernate, Version=4.1.0.4000, Culture=neutral, PublicKeyToken=aa95f207798dfdb4
2017-08-27 13:14:14,614 [11] INFO  NHibernate.Cfg.SettingsFactory - Default flush mode: Auto
2017-08-27 13:14:14,614 [11] INFO  NHibernate.Cfg.SettingsFactory - Default entity-mode: Poco
2017-08-27 13:14:14,614 [11] INFO  NHibernate.Cfg.SettingsFactory - Named query checking : enabled
2017-08-27 13:14:14,615 [11] INFO  NHibernate.Cfg.SettingsFactory - Ignoring exceptions in BeforeTransactionCompletion : disabled
2017-08-27 13:14:14,627 [11] INFO  NHibernate.Impl.SessionFactoryImpl - building session factory
2017-08-27 13:14:14,939 [11] INFO  NHibernate.Impl.SessionFactoryObjectFactory - no name configured
2017-08-27 13:14:15,072 [11] INFO  NHibernate.Loader.Loader - SELECT this_.acc_id as acc1_0_0_, this_.acc_name as acc2_0_0_, this_.acc_pwd as acc3_0_0_, this_.acc_nick as acc4_0_0_, this_.acc_jobid as acc5_0_0_, this_.acc_level as acc6_0_0_, this_.acc_gold as acc7_0_0_, this_.acc_regdate as acc8_0_0_, this_.acc_lastlogin as acc9_0_0_ FROM account this_ WHERE this_.acc_name = ?p0
2017-08-27 13:14:15,112 [11] INFO  NHibernate.Loader.Loader - SELECT this_.acc_id as acc1_0_0_, this_.acc_name as acc2_0_0_, this_.acc_pwd as acc3_0_0_, this_.acc_nick as acc4_0_0_, this_.acc_jobid as acc5_0_0_, this_.acc_level as acc6_0_0_, this_.acc_gold as acc7_0_0_, this_.acc_regdate as acc8_0_0_, this_.acc_lastlogin as acc9_0_0_ FROM account this_ WHERE this_.acc_name = ?p0
2017-08-27 13:14:15,120 [11] INFO  EWorldServer.EWorldServerApp - 向客户端发送信息2,1
2017-08-27 13:14:19,129 [11] INFO  EWorldServer.EWorldServerApp - 用户掉线了(ClientDisconnect)
2017-08-27 13:17:40,794 [14] INFO  EWorldServer.EWorldServerApp - 【OK】HandlerManager 初始化成功!
2017-08-27 13:17:40,870 [14] INFO  EWorldServer.EWorldServerApp - 【OK】DBManager初始化成功(db_eworld)
2017-08-27 13:17:40,871 [14] INFO  EWorldServer.EWorldServerApp - ---------------ServerList-----------------
2017-08-27 13:17:40,871 [14] INFO  EWorldServer.EWorldServerApp - 1=EWorldServer.net.c2s.C2SFetchCurrentServer

2017-08-27 13:17:40,871 [14] INFO  EWorldServer.EWorldServerApp - 2=EWorldServer.net.c2s.C2SFetchAllServer

2017-08-27 13:17:40,871 [14] INFO  EWorldServer.EWorldServerApp - ---------------Login-----------------
2017-08-27 13:17:40,871 [14] INFO  EWorldServer.EWorldServerApp - 1=EWorldServer.net.c2s.C2SUserLogin

2017-08-27 13:17:40,872 [14] INFO  EWorldServer.EWorldServerApp - 【SYS】游戏服务器启动运行中......
2017-08-27 13:17:40,873 [14] INFO  Photon.SocketServer.ApplicationBase - Application start: AppId=EWorldServer; AppPath=H:\CNWorkspace\github_weifengan\eWorldGameProject\EWorldGame_Release\Server\deploy\EWorldServer, Type=EWorldServer.EWorldServerApp 
2017-08-27 13:17:40,881 [14] INFO  Photon.SocketServer.ApplicationBase - Application is stopping: AppId=EWorldServer
2017-08-27 13:17:40,883 [14] INFO  EWorldServer.EWorldServerApp - 【SYS】服务器已经关闭.....
2017-08-27 13:17:40,883 [14] INFO  Photon.SocketServer.ApplicationBase - Application stop: AppId=EWorldServer
2017-08-27 13:17:46,798 [1] INFO  Photon.SocketServer.ApplicationBase - Application is stopping: AppId=EWorldServer
2017-08-27 13:17:46,801 [1] INFO  EWorldServer.EWorldServerApp - 【SYS】服务器已经关闭.....
2017-08-27 13:17:46,801 [1] INFO  Photon.SocketServer.ApplicationBase - Application stop: AppId=EWorldServer
2017-08-27 13:17:53,542 [1] INFO  EWorldServer.EWorldServerApp - 【OK】HandlerManager 初始化成功!
2017-08-27 13:17:53,641 [1] INFO  EWorldServer.EWorldServerApp - 【OK】DBManager初始化成功(db_eworld)
2017-08-27 13:17:53,644 [1] INFO  EWorldServer.EWorldServerApp - ---------------ServerList-----------------
2017-08-27 13:17:53,644 [1] INFO  EWorldServer.EWorldServerApp - 1=EWorldServer.net.c2s.C2SFetchCurrentServer

2017-08-27 13:17:53,644 [1] INFO  EWorldServer.EWorldServerApp - 2=EWorldServer.net.c2s.C2SFetchAllServer

2017-08-27 13:17:53,644 [1] INFO  EWorldServer.EWorldServerApp - ---------------Login-----------------
2017-08-27 13:17:53,644 [1] INFO  EWorldServer.EWorldServerApp - 1=EWorldServer.net.c2s.C2SUserLogin

2017-08-27 13:17:53,644 [1] INFO  EWorldServer.EWorldServerApp - 【SYS】游戏服务器启动运行中......
2017-08-27 13:17:53,645 [1] INFO  Photon.SocketServer.ApplicationBase - Application start: AppId=EWorldServer; AppPath=H:\CNWorkspace\github_weifengan\eWorldGameProject\EWorldGame_Release\Server\deploy\EWorldServer, Type=EWorldServer.EWorldServerApp 
2017-08-27 13:19:29,951 [12] INFO  EWorldServer.EWorldServerApp - 有新客户端连接127.0.0.1
2017-08-27 13:19:34,143 [12] INFO  EWorldServer.EWorldServerApp - 收到=Login,1
2017-08-27 13:19:34,169 [12] INFO  NHibernate.Cfg.Environment - NHibernate 4.1.1.GA (assembly 4.1.0.4000)
2017-08-27 13:19:34,170 [12] INFO  NHibernate.Cfg.Environment - hibernate-configuration section not found in application configuration file
2017-08-27 13:19:34,171 [12] INFO  NHibernate.Cfg.Environment - Bytecode provider name : lcg
2017-08-27 13:19:34,172 [12] INFO  NHibernate.Cfg.Environment - Using reflection optimizer
2017-08-27 13:19:34,560 [12] INFO  NHibernate.Dialect.Dialect - Using dialect: NHibernate.Dialect.MySQLDialect
2017-08-27 13:19:34,594 [12] INFO  NHibernate.Cfg.XmlHbmBinding.Binder - Mapping class: EWorldServer.db.model.Account -> account
2017-08-27 13:19:34,633 [12] INFO  NHibernate.Cfg.Configuration - checking mappings queue
2017-08-27 13:19:34,633 [12] INFO  NHibernate.Cfg.Configuration - processing one-to-many association mappings
2017-08-27 13:19:34,633 [12] INFO  NHibernate.Cfg.Configuration - processing one-to-one association property references
2017-08-27 13:19:34,634 [12] INFO  NHibernate.Cfg.Configuration - processing foreign key constraints
2017-08-27 13:19:34,635 [12] INFO  NHibernate.Cfg.Configuration - processing filters (second pass)
2017-08-27 13:19:34,648 [12] INFO  NHibernate.Dialect.Dialect - Using dialect: NHibernate.Dialect.MySQLDialect
2017-08-27 13:19:34,654 [12] INFO  NHibernate.Dialect.Dialect - Using dialect: NHibernate.Dialect.MySQLDialect
2017-08-27 13:19:34,701 [12] INFO  NHibernate.Exceptions.SQLExceptionConverterFactory - Using dialect defined converter
2017-08-27 13:19:34,701 [12] INFO  NHibernate.Cfg.SettingsFactory - Generate SQL with comments: disabled
2017-08-27 13:19:34,702 [12] INFO  NHibernate.Connection.ConnectionProviderFactory - Initializing connection provider: NHibernate.Connection.DriverConnectionProvider
2017-08-27 13:19:34,703 [12] INFO  NHibernate.Connection.ConnectionProvider - Configuring ConnectionProvider
2017-08-27 13:19:34,708 [12] INFO  NHibernate.Cfg.SettingsFactory - Transaction factory: NHibernate.Transaction.AdoNetWithDistributedTransactionFactory
2017-08-27 13:19:34,708 [12] INFO  NHibernate.Cfg.SettingsFactory - Optimize cache for minimal puts: False
2017-08-27 13:19:34,709 [12] INFO  NHibernate.Cfg.SettingsFactory - Connection release mode: auto
2017-08-27 13:19:34,709 [12] INFO  NHibernate.Cfg.SettingsFactory - Default batch fetch size: 1
2017-08-27 13:19:34,709 [12] INFO  NHibernate.Cfg.SettingsFactory - Statistics: disabled
2017-08-27 13:19:34,709 [12] INFO  NHibernate.Cfg.SettingsFactory - Deleted entity synthetic identifier rollback: disabled
2017-08-27 13:19:34,710 [12] INFO  NHibernate.Cfg.SettingsFactory - Query translator: NHibernate.Hql.Ast.ANTLR.ASTQueryTranslatorFactory
2017-08-27 13:19:34,710 [12] INFO  NHibernate.Cfg.SettingsFactory - Query provider: NHibernate.Linq.DefaultQueryProvider
2017-08-27 13:19:34,711 [12] INFO  NHibernate.Cfg.SettingsFactory - Query language substitutions: {}
2017-08-27 13:19:34,712 [12] INFO  NHibernate.Cfg.SettingsFactory - cache provider: NHibernate.Cache.NoCacheProvider, NHibernate, Version=4.1.0.4000, Culture=neutral, PublicKeyToken=aa95f207798dfdb4
2017-08-27 13:19:34,713 [12] INFO  NHibernate.Cfg.SettingsFactory - Order SQL inserts for batching: disabled
2017-08-27 13:19:34,713 [12] INFO  NHibernate.Cfg.SettingsFactory - Order SQL updates for batching: disabled
2017-08-27 13:19:34,714 [12] INFO  NHibernate.Cfg.SettingsFactory - Batcher factory: NHibernate.AdoNet.NonBatchingBatcherFactory, NHibernate, Version=4.1.0.4000, Culture=neutral, PublicKeyToken=aa95f207798dfdb4
2017-08-27 13:19:34,714 [12] INFO  NHibernate.Cfg.SettingsFactory - Default flush mode: Auto
2017-08-27 13:19:34,715 [12] INFO  NHibernate.Cfg.SettingsFactory - Default entity-mode: Poco
2017-08-27 13:19:34,715 [12] INFO  NHibernate.Cfg.SettingsFactory - Named query checking : enabled
2017-08-27 13:19:34,715 [12] INFO  NHibernate.Cfg.SettingsFactory - Ignoring exceptions in BeforeTransactionCompletion : disabled
2017-08-27 13:19:34,727 [12] INFO  NHibernate.Impl.SessionFactoryImpl - building session factory
2017-08-27 13:19:35,016 [12] INFO  NHibernate.Impl.SessionFactoryObjectFactory - no name configured
2017-08-27 13:19:35,133 [12] INFO  NHibernate.Loader.Loader - SELECT this_.acc_id as acc1_0_0_, this_.acc_name as acc2_0_0_, this_.acc_pwd as acc3_0_0_, this_.acc_nick as acc4_0_0_, this_.acc_jobid as acc5_0_0_, this_.acc_level as acc6_0_0_, this_.acc_gold as acc7_0_0_, this_.acc_regdate as acc8_0_0_, this_.acc_lastlogin as acc9_0_0_ FROM account this_ WHERE this_.acc_name = ?p0
2017-08-27 13:19:35,179 [12] INFO  NHibernate.Loader.Loader - SELECT this_.acc_id as acc1_0_0_, this_.acc_name as acc2_0_0_, this_.acc_pwd as acc3_0_0_, this_.acc_nick as acc4_0_0_, this_.acc_jobid as acc5_0_0_, this_.acc_level as acc6_0_0_, this_.acc_gold as acc7_0_0_, this_.acc_regdate as acc8_0_0_, this_.acc_lastlogin as acc9_0_0_ FROM account this_ WHERE this_.acc_name = ?p0
2017-08-27 13:19:35,186 [12] INFO  EWorldServer.EWorldServerApp - 向客户端发送信息2,1
2017-08-27 13:19:37,819 [11] INFO  EWorldServer.EWorldServerApp - 用户掉线了(ClientDisconnect)
2017-08-27 13:20:50,683 [11] INFO  EWorldServer.EWorldServerApp - 有新客户端连接127.0.0.1
2017-08-27 13:20:52,852 [12] INFO  EWorldServer.EWorldServerApp - 收到=Login,1
2017-08-27 13:20:52,860 [12] INFO  NHibernate.Loader.Loader - SELECT this_.acc_id as acc1_0_0_, this_.acc_name as acc2_0_0_, this_.acc_pwd as acc3_0_0_, this_.acc_nick as acc4_0_0_, this_.acc_jobid as acc5_0_0_, this_.acc_level as acc6_0_0_, this_.acc_gold as acc7_0_0_, this_.acc_regdate as acc8_0_0_, this_.acc_lastlogin as acc9_0_0_ FROM account this_ WHERE this_.acc_name = ?p0
2017-08-27 13:20:52,864 [12] INFO  NHibernate.Loader.Loader - SELECT this_.acc_id as acc1_0_0_, this_.acc_name as acc2_0_0_, this_.acc_pwd as acc3_0_0_, this_.acc_nick as acc4_0_0_, this_.acc_jobid as acc5_0_0_, this_.acc_level as acc6_0_0_, this_.acc_gold as acc7_0_0_, this_.acc_regdate as acc8_0_0_, this_.acc_lastlogin as acc9_0_0_ FROM account this_ WHERE this_.acc_name = ?p0
2017-08-27 13:20:52,865 [12] INFO  EWorldServer.EWorldServerApp - 向客户端发送信息2,1
2017-08-27 13:20:52,902 [10] INFO  EWorldServer.EWorldServerApp - 收到=ServerList,2
2017-08-27 13:20:52,921 [10] INFO  EWorldServer.EWorldServerApp - 收到客户端消息1,2
2017-08-27 13:20:58,238 [10] INFO  EWorldServer.EWorldServerApp - 收到=ServerList,2
2017-08-27 13:20:58,239 [10] INFO  EWorldServer.EWorldServerApp - 收到客户端消息1,2
2017-08-27 13:21:01,482 [10] INFO  EWorldServer.EWorldServerApp - 用户掉线了(ClientDisconnect)
2017-08-27 13:21:06,510 [11] INFO  EWorldServer.EWorldServerApp - 有新客户端连接127.0.0.1
2017-08-27 13:21:09,142 [11] INFO  EWorldServer.EWorldServerApp - 收到=Login,1
2017-08-27 13:21:09,144 [11] INFO  NHibernate.Loader.Loader - SELECT this_.acc_id as acc1_0_0_, this_.acc_name as acc2_0_0_, this_.acc_pwd as acc3_0_0_, this_.acc_nick as acc4_0_0_, this_.acc_jobid as acc5_0_0_, this_.acc_level as acc6_0_0_, this_.acc_gold as acc7_0_0_, this_.acc_regdate as acc8_0_0_, this_.acc_lastlogin as acc9_0_0_ FROM account this_ WHERE this_.acc_name = ?p0
2017-08-27 13:21:09,145 [11] INFO  NHibernate.Loader.Loader - SELECT this_.acc_id as acc1_0_0_, this_.acc_name as acc2_0_0_, this_.acc_pwd as acc3_0_0_, this_.acc_nick as acc4_0_0_, this_.acc_jobid as acc5_0_0_, this_.acc_level as acc6_0_0_, this_.acc_gold as acc7_0_0_, this_.acc_regdate as acc8_0_0_, this_.acc_lastlogin as acc9_0_0_ FROM account this_ WHERE this_.acc_name = ?p0
2017-08-27 13:21:09,146 [11] INFO  EWorldServer.EWorldServerApp - 向客户端发送信息2,1
2017-08-27 13:21:09,169 [12] INFO  EWorldServer.EWorldServerApp - 收到=ServerList,2
2017-08-27 13:21:09,170 [12] INFO  EWorldServer.EWorldServerApp - 收到客户端消息1,2
2017-08-27 13:21:27,477 [12] INFO  EWorldServer.EWorldServerApp - 用户掉线了(ClientDisconnect)
2017-08-27 13:22:50,158 [14] INFO  EWorldServer.EWorldServerApp - 有新客户端连接127.0.0.1
2017-08-27 13:22:52,372 [10] INFO  EWorldServer.EWorldServerApp - 收到=Login,1
2017-08-27 13:22:52,376 [10] INFO  NHibernate.Loader.Loader - SELECT this_.acc_id as acc1_0_0_, this_.acc_name as acc2_0_0_, this_.acc_pwd as acc3_0_0_, this_.acc_nick as acc4_0_0_, this_.acc_jobid as acc5_0_0_, this_.acc_level as acc6_0_0_, this_.acc_gold as acc7_0_0_, this_.acc_regdate as acc8_0_0_, this_.acc_lastlogin as acc9_0_0_ FROM account this_ WHERE this_.acc_name = ?p0
2017-08-27 13:22:52,379 [10] INFO  NHibernate.Loader.Loader - SELECT this_.acc_id as acc1_0_0_, this_.acc_name as acc2_0_0_, this_.acc_pwd as acc3_0_0_, this_.acc_nick as acc4_0_0_, this_.acc_jobid as acc5_0_0_, this_.acc_level as acc6_0_0_, this_.acc_gold as acc7_0_0_, this_.acc_regdate as acc8_0_0_, this_.acc_lastlogin as acc9_0_0_ FROM account this_ WHERE this_.acc_name = ?p0
2017-08-27 13:22:52,380 [10] INFO  EWorldServer.EWorldServerApp - 向客户端发送信息2,1
2017-08-27 13:22:52,431 [11] INFO  EWorldServer.EWorldServerApp - 收到=ServerList,1
2017-08-27 13:22:52,432 [11] INFO  EWorldServer.EWorldServerApp - 获取当前服务器列表
2017-08-27 13:23:05,456 [14] INFO  EWorldServer.EWorldServerApp - 用户掉线了(ClientDisconnect)
2017-08-27 13:24:08,780 [12] INFO  EWorldServer.EWorldServerApp - 有新客户端连接127.0.0.1
2017-08-27 13:24:11,330 [10] INFO  EWorldServer.EWorldServerApp - 收到=Login,1
2017-08-27 13:24:11,333 [10] INFO  NHibernate.Loader.Loader - SELECT this_.acc_id as acc1_0_0_, this_.acc_name as acc2_0_0_, this_.acc_pwd as acc3_0_0_, this_.acc_nick as acc4_0_0_, this_.acc_jobid as acc5_0_0_, this_.acc_level as acc6_0_0_, this_.acc_gold as acc7_0_0_, this_.acc_regdate as acc8_0_0_, this_.acc_lastlogin as acc9_0_0_ FROM account this_ WHERE this_.acc_name = ?p0
2017-08-27 13:24:11,334 [10] INFO  NHibernate.Loader.Loader - SELECT this_.acc_id as acc1_0_0_, this_.acc_name as acc2_0_0_, this_.acc_pwd as acc3_0_0_, this_.acc_nick as acc4_0_0_, this_.acc_jobid as acc5_0_0_, this_.acc_level as acc6_0_0_, this_.acc_gold as acc7_0_0_, this_.acc_regdate as acc8_0_0_, this_.acc_lastlogin as acc9_0_0_ FROM account this_ WHERE this_.acc_name = ?p0
2017-08-27 13:24:11,334 [10] INFO  EWorldServer.EWorldServerApp - 向客户端发送信息2,1
2017-08-27 13:24:11,357 [14] INFO  EWorldServer.EWorldServerApp - 收到=ServerList,1
2017-08-27 13:24:11,357 [14] INFO  EWorldServer.EWorldServerApp - 获取当前服务器列表
2017-08-27 13:24:15,162 [11] INFO  EWorldServer.EWorldServerApp - 用户掉线了(ClientDisconnect)
2017-08-27 13:24:39,439 [14] INFO  EWorldServer.EWorldServerApp - 有新客户端连接127.0.0.1
2017-08-27 13:24:41,883 [11] INFO  EWorldServer.EWorldServerApp - 收到=Login,1
2017-08-27 13:24:41,885 [11] INFO  NHibernate.Loader.Loader - SELECT this_.acc_id as acc1_0_0_, this_.acc_name as acc2_0_0_, this_.acc_pwd as acc3_0_0_, this_.acc_nick as acc4_0_0_, this_.acc_jobid as acc5_0_0_, this_.acc_level as acc6_0_0_, this_.acc_gold as acc7_0_0_, this_.acc_regdate as acc8_0_0_, this_.acc_lastlogin as acc9_0_0_ FROM account this_ WHERE this_.acc_name = ?p0
2017-08-27 13:24:41,886 [11] INFO  NHibernate.Loader.Loader - SELECT this_.acc_id as acc1_0_0_, this_.acc_name as acc2_0_0_, this_.acc_pwd as acc3_0_0_, this_.acc_nick as acc4_0_0_, this_.acc_jobid as acc5_0_0_, this_.acc_level as acc6_0_0_, this_.acc_gold as acc7_0_0_, this_.acc_regdate as acc8_0_0_, this_.acc_lastlogin as acc9_0_0_ FROM account this_ WHERE this_.acc_name = ?p0
2017-08-27 13:24:41,887 [11] INFO  EWorldServer.EWorldServerApp - 向客户端发送信息2,1
2017-08-27 13:24:41,911 [10] INFO  EWorldServer.EWorldServerApp - 收到=ServerList,1
2017-08-27 13:24:41,912 [10] INFO  EWorldServer.EWorldServerApp - 获取当前服务器列表
2017-08-27 13:24:43,001 [11] INFO  EWorldServer.EWorldServerApp - 收到=ServerList,2
2017-08-27 13:24:43,001 [11] INFO  EWorldServer.EWorldServerApp - 收到客户端消息1,2
2017-08-27 13:24:45,521 [11] INFO  EWorldServer.EWorldServerApp - 收到=ServerList,2
2017-08-27 13:24:45,522 [11] INFO  EWorldServer.EWorldServerApp - 收到客户端消息1,2
2017-08-27 13:24:55,157 [12] INFO  EWorldServer.EWorldServerApp - 用户掉线了(ClientDisconnect)
2017-08-27 13:27:39,077 [12] INFO  EWorldServer.EWorldServerApp - 有新客户端连接127.0.0.1
2017-08-27 13:27:41,786 [11] INFO  EWorldServer.EWorldServerApp - 收到=Login,1
2017-08-27 13:27:41,788 [11] INFO  NHibernate.Loader.Loader - SELECT this_.acc_id as acc1_0_0_, this_.acc_name as acc2_0_0_, this_.acc_pwd as acc3_0_0_, this_.acc_nick as acc4_0_0_, this_.acc_jobid as acc5_0_0_, this_.acc_level as acc6_0_0_, this_.acc_gold as acc7_0_0_, this_.acc_regdate as acc8_0_0_, this_.acc_lastlogin as acc9_0_0_ FROM account this_ WHERE this_.acc_name = ?p0
2017-08-27 13:27:41,789 [11] INFO  NHibernate.Loader.Loader - SELECT this_.acc_id as acc1_0_0_, this_.acc_name as acc2_0_0_, this_.acc_pwd as acc3_0_0_, this_.acc_nick as acc4_0_0_, this_.acc_jobid as acc5_0_0_, this_.acc_level as acc6_0_0_, this_.acc_gold as acc7_0_0_, this_.acc_regdate as acc8_0_0_, this_.acc_lastlogin as acc9_0_0_ FROM account this_ WHERE this_.acc_name = ?p0
2017-08-27 13:27:41,790 [11] INFO  EWorldServer.EWorldServerApp - 向客户端发送信息2,1
2017-08-27 13:27:41,814 [10] INFO  EWorldServer.EWorldServerApp - 收到=ServerList,1
2017-08-27 13:27:41,814 [10] INFO  EWorldServer.EWorldServerApp - 获取当前服务器列表
2017-08-27 13:27:42,557 [12] INFO  EWorldServer.EWorldServerApp - 收到=ServerList,2
2017-08-27 13:27:42,558 [12] INFO  EWorldServer.EWorldServerApp - 收到客户端消息1,2
2017-08-27 13:27:46,645 [11] INFO  EWorldServer.EWorldServerApp - 用户掉线了(ClientDisconnect)
2017-08-27 13:43:13,497 [10] INFO  EWorldServer.EWorldServerApp - 有新客户端连接127.0.0.1
2017-08-27 13:43:16,951 [11] INFO  EWorldServer.EWorldServerApp - 收到=Login,1
2017-08-27 13:43:16,975 [11] INFO  NHibernate.Loader.Loader - SELECT this_.acc_id as acc1_0_0_, this_.acc_name as acc2_0_0_, this_.acc_pwd as acc3_0_0_, this_.acc_nick as acc4_0_0_, this_.acc_jobid as acc5_0_0_, this_.acc_level as acc6_0_0_, this_.acc_gold as acc7_0_0_, this_.acc_regdate as acc8_0_0_, this_.acc_lastlogin as acc9_0_0_ FROM account this_ WHERE this_.acc_name = ?p0
2017-08-27 13:43:16,976 [11] INFO  NHibernate.Loader.Loader - SELECT this_.acc_id as acc1_0_0_, this_.acc_name as acc2_0_0_, this_.acc_pwd as acc3_0_0_, this_.acc_nick as acc4_0_0_, this_.acc_jobid as acc5_0_0_, this_.acc_level as acc6_0_0_, this_.acc_gold as acc7_0_0_, this_.acc_regdate as acc8_0_0_, this_.acc_lastlogin as acc9_0_0_ FROM account this_ WHERE this_.acc_name = ?p0
2017-08-27 13:43:16,976 [11] INFO  EWorldServer.EWorldServerApp - 向客户端发送信息2,1
2017-08-27 13:43:32,529 [11] INFO  EWorldServer.EWorldServerApp - 用户掉线了(ClientDisconnect)
2017-08-27 13:43:34,621 [12] INFO  EWorldServer.EWorldServerApp - 有新客户端连接127.0.0.1
2017-08-27 13:43:41,699 [10] INFO  EWorldServer.EWorldServerApp - 用户掉线了(ClientDisconnect)
2017-08-27 13:44:52,836 [10] INFO  EWorldServer.EWorldServerApp - 有新客户端连接127.0.0.1
2017-08-27 13:45:06,401 [10] INFO  EWorldServer.EWorldServerApp - 用户掉线了(ClientDisconnect)
2017-08-27 13:45:30,857 [12] INFO  EWorldServer.EWorldServerApp - 有新客户端连接127.0.0.1
2017-08-27 13:45:43,855 [10] INFO  EWorldServer.EWorldServerApp - 用户掉线了(ClientDisconnect)
2017-08-27 13:49:24,772 [12] INFO  EWorldServer.EWorldServerApp - 有新客户端连接127.0.0.1
2017-08-27 13:49:30,878 [14] INFO  EWorldServer.EWorldServerApp - 用户掉线了(ClientDisconnect)
2017-08-27 13:52:25,741 [12] INFO  EWorldServer.EWorldServerApp - 有新客户端连接127.0.0.1
2017-08-27 13:52:28,950 [12] INFO  EWorldServer.EWorldServerApp - 用户掉线了(ClientDisconnect)
2017-08-27 13:53:21,902 [12] INFO  EWorldServer.EWorldServerApp - 有新客户端连接127.0.0.1
2017-08-27 13:53:49,503 [11] INFO  EWorldServer.EWorldServerApp - 收到=Login,1
2017-08-27 13:53:49,537 [11] INFO  NHibernate.Loader.Loader - SELECT this_.acc_id as acc1_0_0_, this_.acc_name as acc2_0_0_, this_.acc_pwd as acc3_0_0_, this_.acc_nick as acc4_0_0_, this_.acc_jobid as acc5_0_0_, this_.acc_level as acc6_0_0_, this_.acc_gold as acc7_0_0_, this_.acc_regdate as acc8_0_0_, this_.acc_lastlogin as acc9_0_0_ FROM account this_ WHERE this_.acc_name = ?p0
2017-08-27 13:53:49,539 [11] INFO  NHibernate.Loader.Loader - SELECT this_.acc_id as acc1_0_0_, this_.acc_name as acc2_0_0_, this_.acc_pwd as acc3_0_0_, this_.acc_nick as acc4_0_0_, this_.acc_jobid as acc5_0_0_, this_.acc_level as acc6_0_0_, this_.acc_gold as acc7_0_0_, this_.acc_regdate as acc8_0_0_, this_.acc_lastlogin as acc9_0_0_ FROM account this_ WHERE this_.acc_name = ?p0
2017-08-27 13:53:49,540 [11] INFO  EWorldServer.EWorldServerApp - 向客户端发送信息2,1
2017-08-27 13:53:49,565 [12] INFO  EWorldServer.EWorldServerApp - 收到=ServerList,1
2017-08-27 13:53:49,565 [12] INFO  EWorldServer.EWorldServerApp - 获取当前服务器列表
2017-08-27 13:53:52,029 [11] INFO  EWorldServer.EWorldServerApp - 用户掉线了(ClientDisconnect)
2017-08-27 13:53:53,905 [12] INFO  EWorldServer.EWorldServerApp - 有新客户端连接127.0.0.1
2017-08-27 13:54:00,164 [11] INFO  EWorldServer.EWorldServerApp - 收到=Login,1
2017-08-27 13:54:00,166 [11] INFO  NHibernate.Loader.Loader - SELECT this_.acc_id as acc1_0_0_, this_.acc_name as acc2_0_0_, this_.acc_pwd as acc3_0_0_, this_.acc_nick as acc4_0_0_, this_.acc_jobid as acc5_0_0_, this_.acc_level as acc6_0_0_, this_.acc_gold as acc7_0_0_, this_.acc_regdate as acc8_0_0_, this_.acc_lastlogin as acc9_0_0_ FROM account this_ WHERE this_.acc_name = ?p0
2017-08-27 13:54:00,167 [11] INFO  NHibernate.Loader.Loader - SELECT this_.acc_id as acc1_0_0_, this_.acc_name as acc2_0_0_, this_.acc_pwd as acc3_0_0_, this_.acc_nick as acc4_0_0_, this_.acc_jobid as acc5_0_0_, this_.acc_level as acc6_0_0_, this_.acc_gold as acc7_0_0_, this_.acc_regdate as acc8_0_0_, this_.acc_lastlogin as acc9_0_0_ FROM account this_ WHERE this_.acc_name = ?p0
2017-08-27 13:54:00,168 [11] INFO  EWorldServer.EWorldServerApp - 向客户端发送信息2,1
2017-08-27 13:54:00,191 [14] INFO  EWorldServer.EWorldServerApp - 收到=ServerList,1
2017-08-27 13:54:00,192 [14] INFO  EWorldServer.EWorldServerApp - 获取当前服务器列表
2017-08-27 13:54:02,309 [11] INFO  EWorldServer.EWorldServerApp - 用户掉线了(ClientDisconnect)
2017-08-27 13:54:04,130 [12] INFO  EWorldServer.EWorldServerApp - 有新客户端连接127.0.0.1
2017-08-27 13:54:23,189 [11] INFO  EWorldServer.EWorldServerApp - 用户掉线了(ClientDisconnect)
2017-08-27 13:55:21,425 [10] INFO  EWorldServer.EWorldServerApp - 有新客户端连接127.0.0.1
2017-08-27 13:55:41,786 [14] INFO  EWorldServer.EWorldServerApp - 用户掉线了(TimeoutDisconnect)
2017-08-27 13:56:10,892 [11] INFO  EWorldServer.EWorldServerApp - 有新客户端连接127.0.0.1
2017-08-27 13:56:13,779 [12] INFO  EWorldServer.EWorldServerApp - 收到=Login,1
2017-08-27 13:56:13,782 [12] INFO  NHibernate.Loader.Loader - SELECT this_.acc_id as acc1_0_0_, this_.acc_name as acc2_0_0_, this_.acc_pwd as acc3_0_0_, this_.acc_nick as acc4_0_0_, this_.acc_jobid as acc5_0_0_, this_.acc_level as acc6_0_0_, this_.acc_gold as acc7_0_0_, this_.acc_regdate as acc8_0_0_, this_.acc_lastlogin as acc9_0_0_ FROM account this_ WHERE this_.acc_name = ?p0
2017-08-27 13:56:13,783 [12] INFO  NHibernate.Loader.Loader - SELECT this_.acc_id as acc1_0_0_, this_.acc_name as acc2_0_0_, this_.acc_pwd as acc3_0_0_, this_.acc_nick as acc4_0_0_, this_.acc_jobid as acc5_0_0_, this_.acc_level as acc6_0_0_, this_.acc_gold as acc7_0_0_, this_.acc_regdate as acc8_0_0_, this_.acc_lastlogin as acc9_0_0_ FROM account this_ WHERE this_.acc_name = ?p0
2017-08-27 13:56:13,784 [12] INFO  EWorldServer.EWorldServerApp - 向客户端发送信息2,1
2017-08-27 13:56:13,809 [14] INFO  EWorldServer.EWorldServerApp - 收到=ServerList,1
2017-08-27 13:56:13,810 [14] INFO  EWorldServer.EWorldServerApp - 获取当前服务器列表
2017-08-27 13:56:16,468 [14] INFO  EWorldServer.EWorldServerApp - 用户掉线了(ClientDisconnect)
2017-08-27 13:56:18,246 [10] INFO  EWorldServer.EWorldServerApp - 有新客户端连接127.0.0.1
2017-08-27 13:56:31,425 [12] INFO  EWorldServer.EWorldServerApp - 用户掉线了(TimeoutDisconnect)
2017-08-27 13:56:53,039 [12] INFO  EWorldServer.EWorldServerApp - 有新客户端连接127.0.0.1
2017-08-27 13:57:06,228 [10] INFO  EWorldServer.EWorldServerApp - 用户掉线了(TimeoutDisconnect)
2017-08-27 13:57:57,019 [14] INFO  EWorldServer.EWorldServerApp - 有新客户端连接127.0.0.1
2017-08-27 13:58:20,224 [14] INFO  EWorldServer.EWorldServerApp - 收到=Login,1
2017-08-27 13:58:20,227 [14] INFO  NHibernate.Loader.Loader - SELECT this_.acc_id as acc1_0_0_, this_.acc_name as acc2_0_0_, this_.acc_pwd as acc3_0_0_, this_.acc_nick as acc4_0_0_, this_.acc_jobid as acc5_0_0_, this_.acc_level as acc6_0_0_, this_.acc_gold as acc7_0_0_, this_.acc_regdate as acc8_0_0_, this_.acc_lastlogin as acc9_0_0_ FROM account this_ WHERE this_.acc_name = ?p0
2017-08-27 13:58:20,228 [14] INFO  NHibernate.Loader.Loader - SELECT this_.acc_id as acc1_0_0_, this_.acc_name as acc2_0_0_, this_.acc_pwd as acc3_0_0_, this_.acc_nick as acc4_0_0_, this_.acc_jobid as acc5_0_0_, this_.acc_level as acc6_0_0_, this_.acc_gold as acc7_0_0_, this_.acc_regdate as acc8_0_0_, this_.acc_lastlogin as acc9_0_0_ FROM account this_ WHERE this_.acc_name = ?p0
2017-08-27 13:58:20,229 [14] INFO  EWorldServer.EWorldServerApp - 向客户端发送信息2,1
2017-08-27 13:58:20,253 [10] INFO  EWorldServer.EWorldServerApp - 收到=ServerList,1
2017-08-27 13:58:20,254 [10] INFO  EWorldServer.EWorldServerApp - 获取当前服务器列表
2017-08-27 13:58:21,644 [14] INFO  EWorldServer.EWorldServerApp - 用户掉线了(ClientDisconnect)
2017-08-27 13:59:04,157 [10] INFO  EWorldServer.EWorldServerApp - 有新客户端连接127.0.0.1
2017-08-27 13:59:18,264 [14] INFO  EWorldServer.EWorldServerApp - 用户掉线了(ClientDisconnect)
2017-08-27 14:01:52,338 [1] INFO  Photon.SocketServer.ApplicationBase - Application is stopping: AppId=EWorldServer
2017-08-27 14:01:52,346 [1] INFO  EWorldServer.EWorldServerApp - 【SYS】服务器已经关闭.....
2017-08-27 14:01:52,347 [1] INFO  Photon.SocketServer.ApplicationBase - Application stop: AppId=EWorldServer
